#
# A fatal error has been detected by the Java Runtime Environment:
#
#  EXCEPTION_ACCESS_VIOLATION (0xc0000005) at pc=0x00007ffe295fe0a9, pid=5228, tid=12112
#
# JRE version: OpenJDK Runtime Environment Microsoft-8035246 (17.0.8+7) (build 17.0.8+7-LTS)
# Java VM: OpenJDK 64-Bit Server VM Microsoft-8035246 (17.0.8+7-LTS, mixed mode, sharing, tiered, compressed oops, compressed class ptrs, g1 gc, windows-amd64)
# Problematic frame:
# V  [jvm.dll+0x2be0a9]
#
# No core dump will be written. Minidumps are not enabled by default on client versions of Windows
#
# If you would like to submit a bug report, please visit:
#   https://github.com/microsoft/openjdk/issues
#

---------------  S U M M A R Y ------------

Command Line: -XX:MaxMetaspaceSize=512m --add-opens=java.base/java.util=ALL-UNNAMED --add-opens=java.base/java.lang=ALL-UNNAMED --add-opens=java.base/java.lang.invoke=ALL-UNNAMED --add-opens=java.prefs/java.util.prefs=ALL-UNNAMED --add-opens=java.base/java.nio.charset=ALL-UNNAMED --add-opens=java.base/java.net=ALL-UNNAMED --add-opens=java.base/java.util.concurrent.atomic=ALL-UNNAMED -Xmx2048m -Dfile.encoding=windows-1252 -Duser.country=US -Duser.language=en -Duser.variant -javaagent:C:\Users\IBAD\.gradle\wrapper\dists\gradle-8.3-all\6en3ugtfdg5xnpx44z4qbwgas\gradle-8.3\lib\agents\gradle-instrumentation-agent-8.3.jar org.gradle.launcher.daemon.bootstrap.GradleDaemon 8.3

Host: Intel(R) Core(TM) i5-3570 CPU @ 3.40GHz, 4 cores, 7G,  Windows 10 , 64 bit Build 19041 (10.0.19041.3636)
Time: Thu Dec 28 22:29:55 2023 Pakistan Standard Time elapsed time: 31.305086 seconds (0d 0h 0m 31s)

---------------  T H R E A D  ---------------

Current thread (0x00000168da1437e0):  JavaThread "C2 CompilerThread1" daemon [_thread_in_native, id=12112, stack(0x0000001581c00000,0x0000001581d00000)]


Current CompileTask:
C2:  31305 15424   !   4       org.gradle.cache.internal.DefaultMultiProcessSafeIndexedCache::getIfPresent (25 bytes)

Stack: [0x0000001581c00000,0x0000001581d00000],  sp=0x0000001581cfb570,  free space=1005k
Native frames: (J=compiled Java code, j=interpreted, Vv=VM code, C=native code)
V  [jvm.dll+0x2be0a9]
V  [jvm.dll+0x21ba8b]
V  [jvm.dll+0x21944b]
V  [jvm.dll+0x1a56b6]
V  [jvm.dll+0x2291ea]
V  [jvm.dll+0x22724c]
V  [jvm.dll+0x7efd0c]
V  [jvm.dll+0x7ea13a]
V  [jvm.dll+0x67ad85]
C  [ucrtbase.dll+0x21bb2]
C  [KERNEL32.DLL+0x17344]
C  [ntdll.dll+0x526b1]


siginfo: EXCEPTION_ACCESS_VIOLATION (0xc0000005), reading address 0x0000000000000028


Register to memory mapping:

RIP=0x00007ffe295fe0a9 jvm.dll
RAX=0x00000168e300a050 points into unknown readable memory: 0x0000000000000000 | 00 00 00 00 00 00 00 00
RBX=0x00000000000018ca is an unknown value
RCX=0x0 is NULL
RDX=0x0 is NULL
RSP=0x0000001581cfb570 is pointing into the stack for thread: 0x00000168da1437e0
RBP=0x0000001581cfb5e0 is pointing into the stack for thread: 0x00000168da1437e0
RSI=0x0 is NULL
RDI=0x000000000000004d is an unknown value
R8 =0x000000000000ffe0 is an unknown value
R9 =0x0 is NULL
R10=0x00007ffe59040000 VCRUNTIME140.dll
R11=0x00000168e300a070 points into unknown readable memory: 0x0000000000000000 | 00 00 00 00 00 00 00 00
R12=0x0000000000000050 is an unknown value
R13=0x0 is NULL
R14=0x0 is NULL
R15=0x0000001581cfe790 is pointing into the stack for thread: 0x00000168da1437e0


Registers:
RAX=0x00000168e300a050, RBX=0x00000000000018ca, RCX=0x0000000000000000, RDX=0x0000000000000000
RSP=0x0000001581cfb570, RBP=0x0000001581cfb5e0, RSI=0x0000000000000000, RDI=0x000000000000004d
R8 =0x000000000000ffe0, R9 =0x0000000000000000, R10=0x00007ffe59040000, R11=0x00000168e300a070
R12=0x0000000000000050, R13=0x0000000000000000, R14=0x0000000000000000, R15=0x0000001581cfe790
RIP=0x00007ffe295fe0a9, EFLAGS=0x0000000000010202

Top of Stack: (sp=0x0000001581cfb570)
0x0000001581cfb570:   00000000000018ca 0000000000000000
0x0000001581cfb580:   0000001581cfe790 00007ffe295638d1
0x0000001581cfb590:   00000168db7a2f60 00007ffe00002000
0x0000001581cfb5a0:   00000168e300a050 0000000000000000
0x0000001581cfb5b0:   0000000000000002 00000168e218e500
0x0000001581cfb5c0:   0000000000000002 00000168db7a2f60
0x0000001581cfb5d0:   0000000000000000 0000000000000000
0x0000001581cfb5e0:   00000168da03fa70 00000168994e4710
0x0000001581cfb5f0:   000000000000004d 00007ffe29c84c08
0x0000001581cfb600:   0000001581cfb710 00007ffe2955ba8b
0x0000001581cfb610:   0000001581cfe790 00007ffe29c84c08
0x0000001581cfb620:   0000001581cfe790 0000001581cfb710
0x0000001581cfb630:   0000016800000000 00007ffe2995b7fb
0x0000001581cfb640:   000000150000000f 0000001581cfe790
0x0000001581cfb650:   0000001581cfb7c0 0000000000000000
0x0000001581cfb660:   0000016800000100 00007ffe29c84c08 

Instructions: (pc=0x00007ffe295fe0a9)
0x00007ffe295fdfa9:   3b d0 75 0b ff c1 41 3b c9 7c dc 48 8b c2 c3 33
0x00007ffe295fdfb9:   c0 c3 cc cc cc cc cc 48 89 5c 24 18 55 56 57 41
0x00007ffe295fdfc9:   55 41 57 48 8b ec 48 83 ec 70 65 48 8b 04 25 58
0x00007ffe295fdfd9:   00 00 00 48 8b f2 44 8b 05 d2 8b 90 00 4c 8b f9
0x00007ffe295fdfe9:   4a 8b 1c c0 b8 50 00 00 00 80 3c 18 00 75 05 e8
0x00007ffe295fdff9:   8b 6f 5d 00 b8 20 00 00 00 48 8b 04 18 48 8b 98
0x00007ffe295fe009:   38 02 00 00 48 89 5d b0 c7 45 b8 04 00 00 00 48
0x00007ffe295fe019:   8b 43 18 48 83 f8 df 76 18 4c 8d 05 37 a9 65 00
0x00007ffe295fe029:   ba 20 00 00 00 48 8b cb e8 5a eb de ff 48 8b 43
0x00007ffe295fe039:   18 48 8d 48 20 48 3b 4b 20 76 11 45 33 c0 48 8b
0x00007ffe295fe049:   cb 41 8d 50 20 e8 fd e8 de ff eb 04 48 89 4b 18
0x00007ffe295fe059:   44 8b 45 b8 33 d2 49 c1 e0 03 48 8b c8 48 89 45
0x00007ffe295fe069:   c0 e8 e3 80 5d 00 45 33 ed 48 8d 4d d0 44 89 6d
0x00007ffe295fe079:   c8 e8 01 59 56 00 41 8b 9f 40 02 00 00 41 2b 9f
0x00007ffe295fe089:   68 02 00 00 44 89 6d f0 3b 5d b8 72 0b 8b d3 48
0x00007ffe295fe099:   8d 4d b0 e8 6f b3 39 00 48 8b 45 c0 4c 89 2c d8
0x00007ffe295fe0a9:   8b 7e 28 8b df c1 eb 05 3b 5d d0 72 0b 8b d3 48
0x00007ffe295fe0b9:   8d 4d d0 e8 1f 59 56 00 48 8b 45 d8 83 e7 1f 48
0x00007ffe295fe0c9:   8d 14 98 40 0f b6 cf 41 b8 01 00 00 00 41 d3 e0
0x00007ffe295fe0d9:   8b 0a 8b c1 41 0b c0 89 02 41 85 c8 75 21 8b 5d
0x00007ffe295fe0e9:   c8 8d 43 01 89 45 c8 3b 5d b8 72 0b 8b d3 48 8d
0x00007ffe295fe0f9:   4d b0 e8 10 b3 39 00 48 8b 45 c0 48 89 34 d8 44
0x00007ffe295fe109:   39 6d c8 0f 86 77 01 00 00 4c 89 a4 24 a0 00 00
0x00007ffe295fe119:   00 4c 89 b4 24 a8 00 00 00 48 8b 45 c0 41 8b cd
0x00007ffe295fe129:   48 8b 34 c8 8b 46 2c 25 ff 1f 00 00 3d 04 10 00
0x00007ffe295fe139:   00 0f 85 a7 00 00 00 bb 01 00 00 00 39 5e 18 76
0x00007ffe295fe149:   39 66 0f 1f 44 00 00 48 8b 46 08 8b cb 48 8b 14
0x00007ffe295fe159:   c8 48 85 d2 74 1d 48 83 7a 10 00 74 16 80 7a 2c
0x00007ffe295fe169:   84 74 10 e8 7f 7e ee ff 48 8b d0 49 8b cf e8 a4
0x00007ffe295fe179:   61 f6 ff ff c3 3b 5e 18 72 cd 48 8b 5e 10 8b 46
0x00007ffe295fe189:   20 4c 8d 34 c3 49 3b de 73 54 48 8b 3b 8b 47 2c
0x00007ffe295fe199:   83 e0 03 3c 03 75 2e 48 8b 07 48 8b cf ff 90 88 


Stack slot to memory mapping:
stack at sp + 0 slots: 0x00000000000018ca is an unknown value
stack at sp + 1 slots: 0x0 is NULL
stack at sp + 2 slots: 0x0000001581cfe790 is pointing into the stack for thread: 0x00000168da1437e0
stack at sp + 3 slots: 0x00007ffe295638d1 jvm.dll
stack at sp + 4 slots: 0x00000168db7a2f60 points into unknown readable memory: 0x0000016800000006 | 06 00 00 00 68 01 00 00
stack at sp + 5 slots: 0x00007ffe00002000 is an unknown value
stack at sp + 6 slots: 0x00000168e300a050 points into unknown readable memory: 0x0000000000000000 | 00 00 00 00 00 00 00 00
stack at sp + 7 slots: 0x0 is NULL


---------------  P R O C E S S  ---------------

Threads class SMR info:
_java_thread_list=0x00000168e2ff0880, length=92, elements={
0x00000168994cc950, 0x00000168b706b530, 0x00000168b706ca60, 0x00000168b7087c10,
0x00000168b7085db0, 0x00000168b7085390, 0x00000168b70862c0, 0x00000168b7092300,
0x00000168b7094470, 0x00000168b70871f0, 0x00000168b7084e80, 0x00000168b70858a0,
0x00000168b7086ce0, 0x00000168b7087700, 0x00000168b7088120, 0x00000168b7088630,
0x00000168d8681fd0, 0x00000168d867f750, 0x00000168d8680b90, 0x00000168d8683920,
0x00000168d867c9c0, 0x00000168d867c4b0, 0x00000168d8680680, 0x00000168d867d8f0,
0x00000168d86829f0, 0x00000168d867de00, 0x00000168d867e310, 0x00000168d867ced0,
0x00000168d867e820, 0x00000168d86815b0, 0x00000168d867ed30, 0x00000168d8681ac0,
0x00000168d8682f00, 0x00000168d8683410, 0x00000168d8683e30, 0x00000168d867f240,
0x00000168d867fc60, 0x00000168d8680170, 0x00000168b7593fd0, 0x00000168b7592b90,
0x00000168b7597270, 0x00000168b7597780, 0x00000168b7591c60, 0x00000168b7591750,
0x00000168b75944e0, 0x00000168b75949f0, 0x00000168b7596850, 0x00000168b7595920,
0x00000168b7597c90, 0x00000168b7592680, 0x00000168b7595e30, 0x00000168b75981a0,
0x00000168b75986b0, 0x00000168b7592170, 0x00000168b7594f00, 0x00000168b7591240,
0x00000168b7598bc0, 0x00000168b75930a0, 0x00000168b75935b0, 0x00000168b7593ac0,
0x00000168b70867d0, 0x00000168d8bd78e0, 0x00000168d8bd8d20, 0x00000168da1437e0,
0x00000168d8bd7df0, 0x00000168d8bd8810, 0x00000168d8bdbab0, 0x00000168d8bdbfc0,
0x00000168d8bd5570, 0x00000168d8bda670, 0x00000168d8bdab80, 0x00000168d8bd9c50,
0x00000168d8bd5f90, 0x00000168d8bd64a0, 0x00000168d8bd73d0, 0x00000168e2fe2570,
0x00000168e2fe7670, 0x00000168e2fe6230, 0x00000168e2fe48e0, 0x00000168e2fe7b80,
0x00000168e2fe39b0, 0x00000168e2fe2a80, 0x00000168e2fe34a0, 0x00000168e2fe3ec0,
0x00000168e2fe8ab0, 0x00000168e2fe8fc0, 0x00000168e2fe43d0, 0x00000168e2fe4df0,
0x00000168e2fe94d0, 0x00000168e2fe5300, 0x00000168e2fe5d20, 0x00000168e2fe8090
}

Java Threads: ( => current thread )
  0x00000168994cc950 JavaThread "main" [_thread_blocked, id=7040, stack(0x00000015fea00000,0x00000015feb00000)]
  0x00000168b706b530 JavaThread "Reference Handler" daemon [_thread_blocked, id=2036, stack(0x00000015ff100000,0x00000015ff200000)]
  0x00000168b706ca60 JavaThread "Finalizer" daemon [_thread_blocked, id=1848, stack(0x00000015ff200000,0x00000015ff300000)]
  0x00000168b7087c10 JavaThread "Signal Dispatcher" daemon [_thread_blocked, id=2040, stack(0x00000015ff300000,0x00000015ff400000)]
  0x00000168b7085db0 JavaThread "Attach Listener" daemon [_thread_blocked, id=2024, stack(0x00000015ff400000,0x00000015ff500000)]
  0x00000168b7085390 JavaThread "Service Thread" daemon [_thread_blocked, id=9328, stack(0x00000015ff500000,0x00000015ff600000)]
  0x00000168b70862c0 JavaThread "Monitor Deflation Thread" daemon [_thread_blocked, id=2068, stack(0x00000015ff600000,0x00000015ff700000)]
  0x00000168b7092300 JavaThread "C2 CompilerThread0" daemon [_thread_blocked, id=1976, stack(0x00000015ff700000,0x00000015ff800000)]
  0x00000168b7094470 JavaThread "C1 CompilerThread0" daemon [_thread_in_native, id=2028, stack(0x00000015ff800000,0x00000015ff900000)]
  0x00000168b70871f0 JavaThread "Sweeper thread" daemon [_thread_blocked, id=9960, stack(0x00000015ff900000,0x00000015ffa00000)]
  0x00000168b7084e80 JavaThread "Common-Cleaner" daemon [_thread_blocked, id=1832, stack(0x00000015ffa00000,0x00000015ffb00000)]
  0x00000168b70858a0 JavaThread "Notification Thread" daemon [_thread_blocked, id=1880, stack(0x00000015ffb00000,0x00000015ffc00000)]
  0x00000168b7086ce0 JavaThread "Daemon health stats" [_thread_blocked, id=11188, stack(0x0000001580200000,0x0000001580300000)]
  0x00000168b7087700 JavaThread "Incoming local TCP Connector on port 49824" [_thread_in_native, id=10380, stack(0x0000001580300000,0x0000001580400000)]
  0x00000168b7088120 JavaThread "Daemon periodic checks" [_thread_blocked, id=8048, stack(0x0000001580400000,0x0000001580500000)]
  0x00000168b7088630 JavaThread "Daemon" [_thread_blocked, id=196, stack(0x0000001580500000,0x0000001580600000)]
  0x00000168d8681fd0 JavaThread "Handler for socket connection from /127.0.0.1:49824 to /127.0.0.1:49825" [_thread_in_native, id=4860, stack(0x0000001580600000,0x0000001580700000)]
  0x00000168d867f750 JavaThread "Cancel handler" [_thread_blocked, id=10272, stack(0x0000001580700000,0x0000001580800000)]
  0x00000168d8680b90 JavaThread "Daemon worker" [_thread_blocked, id=10260, stack(0x0000001580800000,0x0000001580900000)]
  0x00000168d8683920 JavaThread "Asynchronous log dispatcher for DefaultDaemonConnection: socket connection from /127.0.0.1:49824 to /127.0.0.1:49825" [_thread_blocked, id=9360, stack(0x0000001580900000,0x0000001580a00000)]
  0x00000168d867c9c0 JavaThread "Stdin handler" [_thread_blocked, id=9376, stack(0x0000001580a00000,0x0000001580b00000)]
  0x00000168d867c4b0 JavaThread "Daemon client event forwarder" [_thread_blocked, id=9380, stack(0x0000001580b00000,0x0000001580c00000)]
  0x00000168d8680680 JavaThread "Cache worker for journal cache (C:\Users\IBAD\.gradle\caches\journal-1)" [_thread_blocked, id=9784, stack(0x0000001580c00000,0x0000001580d00000)]
  0x00000168d867d8f0 JavaThread "File lock request listener" [_thread_in_native, id=9572, stack(0x0000001580d00000,0x0000001580e00000)]
  0x00000168d86829f0 JavaThread "Cache worker for file hash cache (C:\Users\IBAD\.gradle\caches\8.3\fileHashes)" [_thread_blocked, id=9568, stack(0x0000001580e00000,0x0000001580f00000)]
  0x00000168d867de00 JavaThread "File watcher server" daemon [_thread_in_Java, id=10720, stack(0x0000001580f00000,0x0000001581000000)]
  0x00000168d867e310 JavaThread "File watcher consumer" daemon [_thread_in_Java, id=5620, stack(0x0000001581000000,0x0000001581100000)]
  0x00000168d867ced0 JavaThread "Cache worker for checksums cache (C:\Users\IBAD\Desktop\native\Koffee\android\.gradle\8.3\checksums)" [_thread_blocked, id=10360, stack(0x0000001581100000,0x0000001581200000)]
  0x00000168d867e820 JavaThread "Cache worker for file hash cache (C:\Users\IBAD\Desktop\native\Koffee\android\.gradle\8.3\fileHashes)" [_thread_blocked, id=10420, stack(0x0000001581200000,0x0000001581300000)]
  0x00000168d86815b0 JavaThread "Cache worker for cache directory md-supplier (C:\Users\IBAD\.gradle\caches\8.3\md-supplier)" [_thread_blocked, id=8916, stack(0x0000001581300000,0x0000001581400000)]
  0x00000168d867ed30 JavaThread "Cache worker for file content cache (C:\Users\IBAD\.gradle\caches\8.3\fileContent)" [_thread_blocked, id=9980, stack(0x0000001581400000,0x0000001581500000)]
  0x00000168d8681ac0 JavaThread "Cache worker for cache directory md-rule (C:\Users\IBAD\.gradle\caches\8.3\md-rule)" [_thread_blocked, id=6196, stack(0x0000001581600000,0x0000001581700000)]
  0x00000168d8682f00 JavaThread "Cache worker for execution history cache (C:\Users\IBAD\.gradle\caches\8.3\executionHistory)" [_thread_blocked, id=6480, stack(0x0000001581700000,0x0000001581800000)]
  0x00000168d8683410 JavaThread "jar transforms" [_thread_blocked, id=11324, stack(0x0000001581800000,0x0000001581900000)]
  0x00000168d8683e30 JavaThread "jar transforms Thread 2" [_thread_blocked, id=11328, stack(0x0000001581900000,0x0000001581a00000)]
  0x00000168d867f240 JavaThread "jar transforms Thread 3" [_thread_blocked, id=11332, stack(0x0000001581a00000,0x0000001581b00000)]
  0x00000168d867fc60 JavaThread "jar transforms Thread 4" [_thread_blocked, id=11336, stack(0x0000001581b00000,0x0000001581c00000)]
  0x00000168d8680170 JavaThread "Cache worker for kotlin-dsl (C:\Users\IBAD\.gradle\caches\8.3\kotlin-dsl)" [_thread_blocked, id=11768, stack(0x0000001581d00000,0x0000001581e00000)]
  0x00000168b7593fd0 JavaThread "Unconstrained build operations" [_thread_blocked, id=11772, stack(0x0000001581e00000,0x0000001581f00000)]
  0x00000168b7592b90 JavaThread "Unconstrained build operations Thread 2" [_thread_blocked, id=11776, stack(0x0000001581f00000,0x0000001582000000)]
  0x00000168b7597270 JavaThread "Cache worker for dependencies-accessors (C:\Users\IBAD\Desktop\native\Koffee\android\.gradle\8.3\dependencies-accessors)" [_thread_blocked, id=11780, stack(0x0000001582000000,0x0000001582100000)]
  0x00000168b7597780 JavaThread "Cache worker for Build Output Cleanup Cache (C:\Users\IBAD\Desktop\native\Koffee\node_modules\@react-native\gradle-plugin\.gradle\buildOutputCleanup)" [_thread_blocked, id=11784, stack(0x0000001582100000,0x0000001582200000)]
  0x00000168b7591c60 JavaThread "Unconstrained build operations Thread 3" [_thread_blocked, id=11788, stack(0x0000001582200000,0x0000001582300000)]
  0x00000168b7591750 JavaThread "Unconstrained build operations Thread 4" [_thread_blocked, id=11792, stack(0x0000001582300000,0x0000001582400000)]
  0x00000168b75944e0 JavaThread "Unconstrained build operations Thread 5" [_thread_blocked, id=11796, stack(0x0000001582400000,0x0000001582500000)]
  0x00000168b75949f0 JavaThread "Memory manager" [_thread_blocked, id=11800, stack(0x0000001582500000,0x0000001582600000)]
  0x00000168b7596850 JavaThread "Cache worker for Build Output Cleanup Cache (C:\Users\IBAD\Desktop\native\Koffee\android\.gradle\buildOutputCleanup)" [_thread_blocked, id=11804, stack(0x0000001582600000,0x0000001582700000)]
  0x00000168b7595920 JavaThread "ForkJoinPool.commonPool-worker-1" daemon [_thread_blocked, id=11872, stack(0x0000001582700000,0x0000001582800000)]
  0x00000168b7597c90 JavaThread "ForkJoinPool.commonPool-worker-2" daemon [_thread_blocked, id=11876, stack(0x0000001582800000,0x0000001582900000)]
  0x00000168b7592680 JavaThread "ForkJoinPool.commonPool-worker-3" daemon [_thread_blocked, id=11880, stack(0x0000001582900000,0x0000001582a00000)]
  0x00000168b7595e30 JavaThread "included builds" [_thread_blocked, id=11884, stack(0x0000001582a00000,0x0000001582b00000)]
  0x00000168b75981a0 JavaThread "Execution worker" [_thread_blocked, id=11888, stack(0x0000001582b00000,0x0000001582c00000)]
  0x00000168b75986b0 JavaThread "Execution worker Thread 2" [_thread_blocked, id=11892, stack(0x0000001582c00000,0x0000001582d00000)]
  0x00000168b7592170 JavaThread "Execution worker Thread 3" [_thread_blocked, id=11896, stack(0x0000001582d00000,0x0000001582e00000)]
  0x00000168b7594f00 JavaThread "Cache worker for execution history cache (C:\Users\IBAD\Desktop\native\Koffee\node_modules\@react-native\gradle-plugin\.gradle\8.3\executionHistory)" [_thread_blocked, id=11900, stack(0x0000001582e00000,0x0000001582f00000)]
  0x00000168b7591240 JavaThread "Unconstrained build operations Thread 6" [_thread_blocked, id=11904, stack(0x0000001582f00000,0x0000001583000000)]
  0x00000168b7598bc0 JavaThread "Unconstrained build operations Thread 7" [_thread_blocked, id=11908, stack(0x0000001583000000,0x0000001583100000)]
  0x00000168b75930a0 JavaThread "Unconstrained build operations Thread 8" [_thread_blocked, id=11912, stack(0x0000001583100000,0x0000001583200000)]
  0x00000168b75935b0 JavaThread "Unconstrained build operations Thread 9" [_thread_blocked, id=11916, stack(0x0000001583200000,0x0000001583300000)]
  0x00000168b7593ac0 JavaThread "Unconstrained build operations Thread 10" [_thread_in_native, id=11920, stack(0x0000001583300000,0x0000001583400000)]
  0x00000168b70867d0 JavaThread "Unconstrained build operations Thread 11" [_thread_blocked, id=11924, stack(0x0000001583400000,0x0000001583500000)]
  0x00000168d8bd78e0 JavaThread "Unconstrained build operations Thread 12" [_thread_blocked, id=11928, stack(0x0000001583500000,0x0000001583600000)]
  0x00000168d8bd8d20 JavaThread "Unconstrained build operations Thread 13" [_thread_blocked, id=11932, stack(0x0000001583600000,0x0000001583700000)]
=>0x00000168da1437e0 JavaThread "C2 CompilerThread1" daemon [_thread_in_native, id=12112, stack(0x0000001581c00000,0x0000001581d00000)]
  0x00000168d8bd7df0 JavaThread "Unconstrained build operations Thread 14" [_thread_blocked, id=11436, stack(0x0000001583700000,0x0000001583800000)]
  0x00000168d8bd8810 JavaThread "Unconstrained build operations Thread 15" [_thread_blocked, id=11300, stack(0x0000001583800000,0x0000001583900000)]
  0x00000168d8bdbab0 JavaThread "Unconstrained build operations Thread 16" [_thread_blocked, id=9856, stack(0x0000001583900000,0x0000001583a00000)]
  0x00000168d8bdbfc0 JavaThread "Unconstrained build operations Thread 17" [_thread_blocked, id=11304, stack(0x0000001583a00000,0x0000001583b00000)]
  0x00000168d8bd5570 JavaThread "Unconstrained build operations Thread 18" [_thread_blocked, id=11500, stack(0x0000001583c00000,0x0000001583d00000)]
  0x00000168d8bda670 JavaThread "Unconstrained build operations Thread 19" [_thread_blocked, id=1416, stack(0x0000001583d00000,0x0000001583e00000)]
  0x00000168d8bdab80 JavaThread "Unconstrained build operations Thread 20" [_thread_blocked, id=1360, stack(0x0000001583e00000,0x0000001583f00000)]
  0x00000168d8bd9c50 JavaThread "Unconstrained build operations Thread 21" [_thread_blocked, id=12004, stack(0x0000001583f00000,0x0000001584000000)]
  0x00000168d8bd5f90 JavaThread "Unconstrained build operations Thread 22" [_thread_blocked, id=3032, stack(0x0000001584000000,0x0000001584100000)]
  0x00000168d8bd64a0 JavaThread "Unconstrained build operations Thread 23" [_thread_blocked, id=3536, stack(0x0000001584100000,0x0000001584200000)]
  0x00000168d8bd73d0 JavaThread "Unconstrained build operations Thread 24" [_thread_blocked, id=936, stack(0x0000001584200000,0x0000001584300000)]
  0x00000168e2fe2570 JavaThread "Unconstrained build operations Thread 25" [_thread_blocked, id=3524, stack(0x0000001584300000,0x0000001584400000)]
  0x00000168e2fe7670 JavaThread "Unconstrained build operations Thread 26" [_thread_blocked, id=11700, stack(0x0000001584400000,0x0000001584500000)]
  0x00000168e2fe6230 JavaThread "Unconstrained build operations Thread 27" [_thread_blocked, id=11656, stack(0x0000001584500000,0x0000001584600000)]
  0x00000168e2fe48e0 JavaThread "Unconstrained build operations Thread 28" [_thread_blocked, id=11468, stack(0x0000001584600000,0x0000001584700000)]
  0x00000168e2fe7b80 JavaThread "Unconstrained build operations Thread 29" [_thread_blocked, id=11476, stack(0x0000001584700000,0x0000001584800000)]
  0x00000168e2fe39b0 JavaThread "Unconstrained build operations Thread 30" [_thread_blocked, id=11472, stack(0x0000001584800000,0x0000001584900000)]
  0x00000168e2fe2a80 JavaThread "Unconstrained build operations Thread 31" [_thread_blocked, id=11480, stack(0x0000001584900000,0x0000001584a00000)]
  0x00000168e2fe34a0 JavaThread "Unconstrained build operations Thread 32" [_thread_blocked, id=10252, stack(0x0000001584a00000,0x0000001584b00000)]
  0x00000168e2fe3ec0 JavaThread "Unconstrained build operations Thread 33" [_thread_blocked, id=10836, stack(0x0000001584b00000,0x0000001584c00000)]
  0x00000168e2fe8ab0 JavaThread "Unconstrained build operations Thread 34" [_thread_blocked, id=9144, stack(0x0000001584c00000,0x0000001584d00000)]
  0x00000168e2fe8fc0 JavaThread "Unconstrained build operations Thread 35" [_thread_blocked, id=10316, stack(0x0000001584d00000,0x0000001584e00000)]
  0x00000168e2fe43d0 JavaThread "Unconstrained build operations Thread 36" [_thread_blocked, id=11964, stack(0x0000001584e00000,0x0000001584f00000)]
  0x00000168e2fe4df0 JavaThread "Unconstrained build operations Thread 37" [_thread_blocked, id=11960, stack(0x0000001584f00000,0x0000001585000000)]
  0x00000168e2fe94d0 JavaThread "Unconstrained build operations Thread 38" [_thread_blocked, id=7180, stack(0x0000001585000000,0x0000001585100000)]
  0x00000168e2fe5300 JavaThread "Unconstrained build operations Thread 39" [_thread_blocked, id=7432, stack(0x0000001585100000,0x0000001585200000)]
  0x00000168e2fe5d20 JavaThread "Unconstrained build operations Thread 40" [_thread_blocked, id=12012, stack(0x0000001585200000,0x0000001585300000)]
  0x00000168e2fe8090 JavaThread "Cache worker for execution history cache (C:\Users\IBAD\Desktop\native\Koffee\android\.gradle\8.3\executionHistory)" [_thread_blocked, id=10660, stack(0x0000001585300000,0x0000001585400000)]

Other Threads:
  0x00000168b70669b0 VMThread "VM Thread" [stack: 0x00000015ff000000,0x00000015ff100000] [id=1912]
  0x00000168994cd720 WatcherThread [stack: 0x00000015ffc00000,0x00000015ffd00000] [id=1984]
  0x00000168995294a0 GCTaskThread "GC Thread#0" [stack: 0x00000015feb00000,0x00000015fec00000] [id=5512]
  0x00000168b785c610 GCTaskThread "GC Thread#1" [stack: 0x00000015ffe00000,0x00000015fff00000] [id=1920]
  0x00000168b7928890 GCTaskThread "GC Thread#2" [stack: 0x00000015fff00000,0x0000001600000000] [id=1844]
  0x00000168b7636c70 GCTaskThread "GC Thread#3" [stack: 0x0000001580000000,0x0000001580100000] [id=1840]
  0x000001689953b310 ConcurrentGCThread "G1 Main Marker" [stack: 0x00000015fec00000,0x00000015fed00000] [id=11184]
  0x000001689953bc30 ConcurrentGCThread "G1 Conc#0" [stack: 0x00000015fed00000,0x00000015fee00000] [id=5624]
  0x000001689958d3a0 ConcurrentGCThread "G1 Refine#0" [stack: 0x00000015fee00000,0x00000015fef00000] [id=11208]
  0x00000168daac11f0 ConcurrentGCThread "G1 Refine#1" [stack: 0x0000001581500000,0x0000001581600000] [id=4328]
  0x00000168db7f5390 ConcurrentGCThread "G1 Refine#2" [stack: 0x0000001583b00000,0x0000001583c00000] [id=11492]
  0x000001689958dce0 ConcurrentGCThread "G1 Service" [stack: 0x00000015fef00000,0x00000015ff000000] [id=2032]

Threads with active compile tasks:
C2 CompilerThread1    31363 15424   !   4       org.gradle.cache.internal.DefaultMultiProcessSafeIndexedCache::getIfPresent (25 bytes)

VM state: not at safepoint (normal execution)

VM Mutex/Monitor currently owned by a thread: None

Heap address: 0x0000000080000000, size: 2048 MB, Compressed Oops mode: 32-bit

CDS archive(s) mapped at: [0x00000168b8000000-0x00000168b8bd0000-0x00000168b8bd0000), size 12386304, SharedBaseAddress: 0x00000168b8000000, ArchiveRelocationMode: 1.
Compressed class space mapped at: 0x00000168b9000000-0x00000168d3000000, reserved size: 436207616
Narrow klass base: 0x00000168b8000000, Narrow klass shift: 0, Narrow klass range: 0x100000000

GC Precious Log:
 CPUs: 4 total, 4 available
 Memory: 8136M
 Large Page Support: Disabled
 NUMA Support: Disabled
 Compressed Oops: Enabled (32-bit)
 Heap Region Size: 1M
 Heap Min Capacity: 8M
 Heap Initial Capacity: 128M
 Heap Max Capacity: 2G
 Pre-touch: Disabled
 Parallel Workers: 4
 Concurrent Workers: 1
 Concurrent Refinement Workers: 4
 Periodic GC: Disabled

Heap:
 garbage-first heap   total 244736K, used 189783K [0x0000000080000000, 0x0000000100000000)
  region size 1024K, 5 young (5120K), 2 survivors (2048K)
 Metaspace       used 102676K, committed 103744K, reserved 557056K
  class space    used 14400K, committed 14912K, reserved 425984K

Heap Regions: E=young(eden), S=young(survivor), O=old, HS=humongous(starts), HC=humongous(continues), CS=collection set, F=free, OA=open archive, CA=closed archive, TAMS=top-at-mark-start (previous, next)
|   0|0x0000000080000000, 0x0000000080100000, 0x0000000080100000|100%| O|  |TAMS 0x0000000080100000, 0x0000000080000000| Untracked 
|   1|0x0000000080100000, 0x0000000080200000, 0x0000000080200000|100%| O|  |TAMS 0x0000000080200000, 0x0000000080100000| Untracked 
|   2|0x0000000080200000, 0x0000000080300000, 0x0000000080300000|100%|HS|  |TAMS 0x0000000080300000, 0x0000000080200000| Complete 
|   3|0x0000000080300000, 0x0000000080400000, 0x0000000080400000|100%|HC|  |TAMS 0x0000000080400000, 0x0000000080300000| Complete 
|   4|0x0000000080400000, 0x0000000080500000, 0x0000000080500000|100%|HC|  |TAMS 0x0000000080500000, 0x0000000080400000| Complete 
|   5|0x0000000080500000, 0x0000000080600000, 0x0000000080600000|100%|HC|  |TAMS 0x0000000080600000, 0x0000000080500000| Complete 
|   6|0x0000000080600000, 0x0000000080700000, 0x0000000080700000|100%| O|  |TAMS 0x0000000080700000, 0x0000000080600000| Untracked 
|   7|0x0000000080700000, 0x0000000080800000, 0x0000000080800000|100%| O|  |TAMS 0x0000000080800000, 0x0000000080700000| Untracked 
|   8|0x0000000080800000, 0x0000000080900000, 0x0000000080900000|100%| O|  |TAMS 0x0000000080900000, 0x0000000080800000| Untracked 
|   9|0x0000000080900000, 0x0000000080a00000, 0x0000000080a00000|100%| O|  |TAMS 0x0000000080a00000, 0x0000000080900000| Untracked 
|  10|0x0000000080a00000, 0x0000000080b00000, 0x0000000080b00000|100%| O|  |TAMS 0x0000000080b00000, 0x0000000080a00000| Untracked 
|  11|0x0000000080b00000, 0x0000000080c00000, 0x0000000080c00000|100%| O|  |TAMS 0x0000000080c00000, 0x0000000080b00000| Untracked 
|  12|0x0000000080c00000, 0x0000000080d00000, 0x0000000080d00000|100%| O|  |TAMS 0x0000000080d00000, 0x0000000080c00000| Untracked 
|  13|0x0000000080d00000, 0x0000000080e00000, 0x0000000080e00000|100%| O|  |TAMS 0x0000000080e00000, 0x0000000080d00000| Untracked 
|  14|0x0000000080e00000, 0x0000000080f00000, 0x0000000080f00000|100%| O|  |TAMS 0x0000000080f00000, 0x0000000080e00000| Untracked 
|  15|0x0000000080f00000, 0x0000000081000000, 0x0000000081000000|100%| O|  |TAMS 0x0000000081000000, 0x0000000080f00000| Untracked 
|  16|0x0000000081000000, 0x0000000081100000, 0x0000000081100000|100%| O|  |TAMS 0x0000000081100000, 0x0000000081000000| Untracked 
|  17|0x0000000081100000, 0x0000000081200000, 0x0000000081200000|100%| O|  |TAMS 0x0000000081200000, 0x0000000081100000| Untracked 
|  18|0x0000000081200000, 0x0000000081300000, 0x0000000081300000|100%| O|  |TAMS 0x0000000081300000, 0x0000000081200000| Untracked 
|  19|0x0000000081300000, 0x00000000813fa800, 0x0000000081400000| 97%| O|  |TAMS 0x00000000813fa800, 0x0000000081300000| Untracked 
|  20|0x0000000081400000, 0x0000000081500000, 0x0000000081500000|100%| O|  |TAMS 0x0000000081500000, 0x0000000081400000| Untracked 
|  21|0x0000000081500000, 0x0000000081600000, 0x0000000081600000|100%| O|  |TAMS 0x0000000081600000, 0x0000000081500000| Untracked 
|  22|0x0000000081600000, 0x0000000081700000, 0x0000000081700000|100%| O|  |TAMS 0x0000000081700000, 0x0000000081600000| Untracked 
|  23|0x0000000081700000, 0x0000000081800000, 0x0000000081800000|100%| O|  |TAMS 0x0000000081800000, 0x0000000081700000| Untracked 
|  24|0x0000000081800000, 0x0000000081900000, 0x0000000081900000|100%| O|  |TAMS 0x0000000081900000, 0x0000000081800000| Untracked 
|  25|0x0000000081900000, 0x0000000081a00000, 0x0000000081a00000|100%| O|  |TAMS 0x0000000081a00000, 0x0000000081900000| Untracked 
|  26|0x0000000081a00000, 0x0000000081b00000, 0x0000000081b00000|100%| O|  |TAMS 0x0000000081b00000, 0x0000000081a00000| Untracked 
|  27|0x0000000081b00000, 0x0000000081c00000, 0x0000000081c00000|100%| O|  |TAMS 0x0000000081b00000, 0x0000000081b00000| Untracked 
|  28|0x0000000081c00000, 0x0000000081d00000, 0x0000000081d00000|100%|HS|  |TAMS 0x0000000081c00000, 0x0000000081c00000| Complete 
|  29|0x0000000081d00000, 0x0000000081e00000, 0x0000000081e00000|100%| O|  |TAMS 0x0000000081e00000, 0x0000000081d00000| Untracked 
|  30|0x0000000081e00000, 0x0000000081f00000, 0x0000000081f00000|100%| O|  |TAMS 0x0000000081f00000, 0x0000000081e00000| Untracked 
|  31|0x0000000081f00000, 0x0000000082000000, 0x0000000082000000|100%| O|  |TAMS 0x0000000082000000, 0x0000000081f00000| Untracked 
|  32|0x0000000082000000, 0x0000000082100000, 0x0000000082100000|100%| O|  |TAMS 0x0000000082100000, 0x0000000082000000| Untracked 
|  33|0x0000000082100000, 0x0000000082200000, 0x0000000082200000|100%| O|  |TAMS 0x0000000082200000, 0x0000000082100000| Untracked 
|  34|0x0000000082200000, 0x0000000082300000, 0x0000000082300000|100%| O|  |TAMS 0x0000000082300000, 0x0000000082200000| Untracked 
|  35|0x0000000082300000, 0x0000000082400000, 0x0000000082400000|100%| O|  |TAMS 0x0000000082400000, 0x0000000082300000| Untracked 
|  36|0x0000000082400000, 0x0000000082500000, 0x0000000082500000|100%| O|  |TAMS 0x0000000082500000, 0x0000000082400000| Untracked 
|  37|0x0000000082500000, 0x0000000082600000, 0x0000000082600000|100%|HS|  |TAMS 0x0000000082600000, 0x0000000082500000| Complete 
|  38|0x0000000082600000, 0x0000000082700000, 0x0000000082700000|100%|HC|  |TAMS 0x0000000082700000, 0x0000000082600000| Complete 
|  39|0x0000000082700000, 0x0000000082800000, 0x0000000082800000|100%|HS|  |TAMS 0x0000000082800000, 0x0000000082700000| Complete 
|  40|0x0000000082800000, 0x0000000082900000, 0x0000000082900000|100%|HC|  |TAMS 0x0000000082900000, 0x0000000082800000| Complete 
|  41|0x0000000082900000, 0x0000000082a00000, 0x0000000082a00000|100%|HS|  |TAMS 0x0000000082a00000, 0x0000000082900000| Complete 
|  42|0x0000000082a00000, 0x0000000082b00000, 0x0000000082b00000|100%|HC|  |TAMS 0x0000000082b00000, 0x0000000082a00000| Complete 
|  43|0x0000000082b00000, 0x0000000082c00000, 0x0000000082c00000|100%|HC|  |TAMS 0x0000000082c00000, 0x0000000082b00000| Complete 
|  44|0x0000000082c00000, 0x0000000082d00000, 0x0000000082d00000|100%|HC|  |TAMS 0x0000000082d00000, 0x0000000082c00000| Complete 
|  45|0x0000000082d00000, 0x0000000082e00000, 0x0000000082e00000|100%|HS|  |TAMS 0x0000000082e00000, 0x0000000082d00000| Complete 
|  46|0x0000000082e00000, 0x0000000082f00000, 0x0000000082f00000|100%|HC|  |TAMS 0x0000000082f00000, 0x0000000082e00000| Complete 
|  47|0x0000000082f00000, 0x0000000083000000, 0x0000000083000000|100%|HC|  |TAMS 0x0000000083000000, 0x0000000082f00000| Complete 
|  48|0x0000000083000000, 0x0000000083100000, 0x0000000083100000|100%|HC|  |TAMS 0x0000000083100000, 0x0000000083000000| Complete 
|  49|0x0000000083100000, 0x0000000083200000, 0x0000000083200000|100%| O|  |TAMS 0x0000000083200000, 0x0000000083100000| Untracked 
|  50|0x0000000083200000, 0x0000000083300000, 0x0000000083300000|100%| O|  |TAMS 0x0000000083300000, 0x0000000083200000| Untracked 
|  51|0x0000000083300000, 0x0000000083400000, 0x0000000083400000|100%| O|  |TAMS 0x0000000083400000, 0x0000000083300000| Untracked 
|  52|0x0000000083400000, 0x0000000083500000, 0x0000000083500000|100%| O|  |TAMS 0x0000000083500000, 0x0000000083400000| Untracked 
|  53|0x0000000083500000, 0x0000000083600000, 0x0000000083600000|100%| O|  |TAMS 0x0000000083600000, 0x0000000083500000| Untracked 
|  54|0x0000000083600000, 0x0000000083700000, 0x0000000083700000|100%| O|  |TAMS 0x0000000083700000, 0x0000000083600000| Untracked 
|  55|0x0000000083700000, 0x0000000083800000, 0x0000000083800000|100%| O|  |TAMS 0x0000000083800000, 0x0000000083700000| Untracked 
|  56|0x0000000083800000, 0x0000000083900000, 0x0000000083900000|100%|HS|  |TAMS 0x0000000083900000, 0x0000000083800000| Complete 
|  57|0x0000000083900000, 0x0000000083a00000, 0x0000000083a00000|100%|HS|  |TAMS 0x0000000083a00000, 0x0000000083900000| Complete 
|  58|0x0000000083a00000, 0x0000000083b00000, 0x0000000083b00000|100%|HS|  |TAMS 0x0000000083b00000, 0x0000000083a00000| Complete 
|  59|0x0000000083b00000, 0x0000000083c00000, 0x0000000083c00000|100%| O|  |TAMS 0x0000000083c00000, 0x0000000083b00000| Untracked 
|  60|0x0000000083c00000, 0x0000000083d00000, 0x0000000083d00000|100%|HS|  |TAMS 0x0000000083d00000, 0x0000000083c00000| Complete 
|  61|0x0000000083d00000, 0x0000000083e00000, 0x0000000083e00000|100%| O|  |TAMS 0x0000000083e00000, 0x0000000083d00000| Untracked 
|  62|0x0000000083e00000, 0x0000000083f00000, 0x0000000083f00000|100%| O|  |TAMS 0x0000000083f00000, 0x0000000083e00000| Untracked 
|  63|0x0000000083f00000, 0x0000000084000000, 0x0000000084000000|100%| O|  |TAMS 0x0000000084000000, 0x0000000083f00000| Untracked 
|  64|0x0000000084000000, 0x0000000084100000, 0x0000000084100000|100%| O|  |TAMS 0x0000000084100000, 0x0000000084000000| Untracked 
|  65|0x0000000084100000, 0x0000000084200000, 0x0000000084200000|100%| O|  |TAMS 0x0000000084200000, 0x0000000084100000| Untracked 
|  66|0x0000000084200000, 0x0000000084300000, 0x0000000084300000|100%| O|  |TAMS 0x0000000084300000, 0x0000000084200000| Untracked 
|  67|0x0000000084300000, 0x0000000084400000, 0x0000000084400000|100%| O|  |TAMS 0x0000000084400000, 0x0000000084300000| Untracked 
|  68|0x0000000084400000, 0x0000000084500000, 0x0000000084500000|100%| O|  |TAMS 0x0000000084500000, 0x0000000084400000| Untracked 
|  69|0x0000000084500000, 0x0000000084600000, 0x0000000084600000|100%| O|  |TAMS 0x0000000084600000, 0x0000000084500000| Untracked 
|  70|0x0000000084600000, 0x0000000084700000, 0x0000000084700000|100%| O|  |TAMS 0x0000000084700000, 0x0000000084600000| Untracked 
|  71|0x0000000084700000, 0x0000000084800000, 0x0000000084800000|100%| O|  |TAMS 0x0000000084800000, 0x0000000084700000| Untracked 
|  72|0x0000000084800000, 0x0000000084900000, 0x0000000084900000|100%| O|  |TAMS 0x0000000084900000, 0x0000000084800000| Untracked 
|  73|0x0000000084900000, 0x0000000084a00000, 0x0000000084a00000|100%| O|  |TAMS 0x0000000084a00000, 0x0000000084900000| Untracked 
|  74|0x0000000084a00000, 0x0000000084b00000, 0x0000000084b00000|100%| O|  |TAMS 0x0000000084b00000, 0x0000000084a00000| Untracked 
|  75|0x0000000084b00000, 0x0000000084c00000, 0x0000000084c00000|100%| O|  |TAMS 0x0000000084c00000, 0x0000000084b00000| Untracked 
|  76|0x0000000084c00000, 0x0000000084d00000, 0x0000000084d00000|100%| O|  |TAMS 0x0000000084d00000, 0x0000000084c00000| Untracked 
|  77|0x0000000084d00000, 0x0000000084e00000, 0x0000000084e00000|100%| O|  |TAMS 0x0000000084e00000, 0x0000000084d00000| Untracked 
|  78|0x0000000084e00000, 0x0000000084f00000, 0x0000000084f00000|100%| O|  |TAMS 0x0000000084f00000, 0x0000000084e00000| Untracked 
|  79|0x0000000084f00000, 0x0000000085000000, 0x0000000085000000|100%| O|  |TAMS 0x0000000085000000, 0x0000000084f00000| Untracked 
|  80|0x0000000085000000, 0x0000000085100000, 0x0000000085100000|100%| O|  |TAMS 0x0000000085100000, 0x0000000085000000| Untracked 
|  81|0x0000000085100000, 0x0000000085200000, 0x0000000085200000|100%| O|  |TAMS 0x0000000085200000, 0x0000000085100000| Untracked 
|  82|0x0000000085200000, 0x0000000085300000, 0x0000000085300000|100%| O|  |TAMS 0x0000000085300000, 0x0000000085200000| Untracked 
|  83|0x0000000085300000, 0x0000000085400000, 0x0000000085400000|100%| O|  |TAMS 0x0000000085400000, 0x0000000085300000| Untracked 
|  84|0x0000000085400000, 0x0000000085500000, 0x0000000085500000|100%| O|  |TAMS 0x0000000085500000, 0x0000000085400000| Untracked 
|  85|0x0000000085500000, 0x0000000085600000, 0x0000000085600000|100%| O|  |TAMS 0x0000000085600000, 0x0000000085500000| Untracked 
|  86|0x0000000085600000, 0x0000000085700000, 0x0000000085700000|100%| O|  |TAMS 0x0000000085700000, 0x0000000085600000| Untracked 
|  87|0x0000000085700000, 0x0000000085800000, 0x0000000085800000|100%| O|  |TAMS 0x0000000085800000, 0x0000000085700000| Untracked 
|  88|0x0000000085800000, 0x0000000085900000, 0x0000000085900000|100%| O|  |TAMS 0x0000000085900000, 0x0000000085800000| Untracked 
|  89|0x0000000085900000, 0x0000000085a00000, 0x0000000085a00000|100%| O|  |TAMS 0x0000000085a00000, 0x0000000085900000| Untracked 
|  90|0x0000000085a00000, 0x0000000085b00000, 0x0000000085b00000|100%| O|  |TAMS 0x0000000085aff800, 0x0000000085a00000| Untracked 
|  91|0x0000000085b00000, 0x0000000085c00000, 0x0000000085c00000|100%|HS|  |TAMS 0x0000000085b00000, 0x0000000085b00000| Complete 
|  92|0x0000000085c00000, 0x0000000085d00000, 0x0000000085d00000|100%| O|  |TAMS 0x0000000085c00000, 0x0000000085c00000| Untracked 
|  93|0x0000000085d00000, 0x0000000085e00000, 0x0000000085e00000|100%|HS|  |TAMS 0x0000000085d00000, 0x0000000085d00000| Complete 
|  94|0x0000000085e00000, 0x0000000085f00000, 0x0000000085f00000|100%|HC|  |TAMS 0x0000000085e00000, 0x0000000085e00000| Complete 
|  95|0x0000000085f00000, 0x0000000086000000, 0x0000000086000000|100%| O|  |TAMS 0x0000000085f00000, 0x0000000085f00000| Untracked 
|  96|0x0000000086000000, 0x0000000086100000, 0x0000000086100000|100%| O|  |TAMS 0x0000000086000000, 0x0000000086000000| Untracked 
|  97|0x0000000086100000, 0x0000000086200000, 0x0000000086200000|100%| O|  |TAMS 0x0000000086100000, 0x0000000086100000| Untracked 
|  98|0x0000000086200000, 0x0000000086300000, 0x0000000086300000|100%| O|  |TAMS 0x0000000086200000, 0x0000000086200000| Untracked 
|  99|0x0000000086300000, 0x0000000086400000, 0x0000000086400000|100%| O|  |TAMS 0x0000000086300000, 0x0000000086300000| Untracked 
| 100|0x0000000086400000, 0x0000000086500000, 0x0000000086500000|100%| O|  |TAMS 0x0000000086400000, 0x0000000086400000| Untracked 
| 101|0x0000000086500000, 0x0000000086600000, 0x0000000086600000|100%| O|  |TAMS 0x0000000086500000, 0x0000000086500000| Untracked 
| 102|0x0000000086600000, 0x0000000086700000, 0x0000000086700000|100%| O|  |TAMS 0x0000000086600000, 0x0000000086600000| Untracked 
| 103|0x0000000086700000, 0x0000000086800000, 0x0000000086800000|100%| O|  |TAMS 0x0000000086700000, 0x0000000086700000| Untracked 
| 104|0x0000000086800000, 0x0000000086900000, 0x0000000086900000|100%| O|  |TAMS 0x0000000086800000, 0x0000000086800000| Untracked 
| 105|0x0000000086900000, 0x0000000086a00000, 0x0000000086a00000|100%| O|  |TAMS 0x0000000086900000, 0x0000000086900000| Untracked 
| 106|0x0000000086a00000, 0x0000000086b00000, 0x0000000086b00000|100%| O|  |TAMS 0x0000000086a00000, 0x0000000086a00000| Untracked 
| 107|0x0000000086b00000, 0x0000000086c00000, 0x0000000086c00000|100%| O|  |TAMS 0x0000000086b00000, 0x0000000086b00000| Untracked 
| 108|0x0000000086c00000, 0x0000000086d00000, 0x0000000086d00000|100%| O|  |TAMS 0x0000000086c00000, 0x0000000086c00000| Untracked 
| 109|0x0000000086d00000, 0x0000000086e00000, 0x0000000086e00000|100%| O|  |TAMS 0x0000000086d00000, 0x0000000086d00000| Untracked 
| 110|0x0000000086e00000, 0x0000000086f00000, 0x0000000086f00000|100%| O|  |TAMS 0x0000000086e00000, 0x0000000086e00000| Untracked 
| 111|0x0000000086f00000, 0x0000000087000000, 0x0000000087000000|100%| O|  |TAMS 0x0000000086f00000, 0x0000000086f00000| Untracked 
| 112|0x0000000087000000, 0x0000000087100000, 0x0000000087100000|100%| O|  |TAMS 0x0000000087000000, 0x0000000087000000| Untracked 
| 113|0x0000000087100000, 0x0000000087200000, 0x0000000087200000|100%| O|  |TAMS 0x0000000087100000, 0x0000000087100000| Untracked 
| 114|0x0000000087200000, 0x0000000087300000, 0x0000000087300000|100%| O|  |TAMS 0x0000000087200000, 0x0000000087200000| Untracked 
| 115|0x0000000087300000, 0x0000000087400000, 0x0000000087400000|100%| O|  |TAMS 0x0000000087300000, 0x0000000087300000| Untracked 
| 116|0x0000000087400000, 0x0000000087500000, 0x0000000087500000|100%| O|  |TAMS 0x0000000087400000, 0x0000000087400000| Untracked 
| 117|0x0000000087500000, 0x0000000087600000, 0x0000000087600000|100%| O|  |TAMS 0x0000000087500000, 0x0000000087500000| Untracked 
| 118|0x0000000087600000, 0x0000000087700000, 0x0000000087700000|100%| O|  |TAMS 0x0000000087600000, 0x0000000087600000| Untracked 
| 119|0x0000000087700000, 0x0000000087800000, 0x0000000087800000|100%| O|  |TAMS 0x0000000087700000, 0x0000000087700000| Untracked 
| 120|0x0000000087800000, 0x0000000087900000, 0x0000000087900000|100%|HS|  |TAMS 0x0000000087800000, 0x0000000087800000| Complete 
| 121|0x0000000087900000, 0x0000000087a00000, 0x0000000087a00000|100%| O|  |TAMS 0x0000000087900000, 0x0000000087900000| Untracked 
| 122|0x0000000087a00000, 0x0000000087b00000, 0x0000000087b00000|100%| O|  |TAMS 0x0000000087a00000, 0x0000000087a00000| Untracked 
| 123|0x0000000087b00000, 0x0000000087c00000, 0x0000000087c00000|100%| O|  |TAMS 0x0000000087b00000, 0x0000000087b00000| Untracked 
| 124|0x0000000087c00000, 0x0000000087d00000, 0x0000000087d00000|100%| O|  |TAMS 0x0000000087c00000, 0x0000000087c00000| Untracked 
| 125|0x0000000087d00000, 0x0000000087e00000, 0x0000000087e00000|100%| O|  |TAMS 0x0000000087d00000, 0x0000000087d00000| Untracked 
| 126|0x0000000087e00000, 0x0000000087f00000, 0x0000000087f00000|100%| O|  |TAMS 0x0000000087e00000, 0x0000000087e00000| Untracked 
| 127|0x0000000087f00000, 0x0000000088000000, 0x0000000088000000|100%| O|  |TAMS 0x0000000087f00000, 0x0000000087f00000| Untracked 
| 128|0x0000000088000000, 0x0000000088100000, 0x0000000088100000|100%| O|  |TAMS 0x0000000088000000, 0x0000000088000000| Untracked 
| 129|0x0000000088100000, 0x0000000088200000, 0x0000000088200000|100%| O|  |TAMS 0x0000000088100000, 0x0000000088100000| Untracked 
| 130|0x0000000088200000, 0x0000000088300000, 0x0000000088300000|100%| O|  |TAMS 0x0000000088200000, 0x0000000088200000| Untracked 
| 131|0x0000000088300000, 0x0000000088400000, 0x0000000088400000|100%|HS|  |TAMS 0x0000000088300000, 0x0000000088300000| Complete 
| 132|0x0000000088400000, 0x0000000088500000, 0x0000000088500000|100%|HS|  |TAMS 0x0000000088400000, 0x0000000088400000| Complete 
| 133|0x0000000088500000, 0x0000000088600000, 0x0000000088600000|100%| O|  |TAMS 0x0000000088500000, 0x0000000088500000| Untracked 
| 134|0x0000000088600000, 0x0000000088700000, 0x0000000088700000|100%| O|  |TAMS 0x0000000088600000, 0x0000000088600000| Untracked 
| 135|0x0000000088700000, 0x0000000088800000, 0x0000000088800000|100%| O|  |TAMS 0x0000000088700000, 0x0000000088700000| Untracked 
| 136|0x0000000088800000, 0x0000000088900000, 0x0000000088900000|100%| O|  |TAMS 0x0000000088800000, 0x0000000088800000| Untracked 
| 137|0x0000000088900000, 0x0000000088a00000, 0x0000000088a00000|100%| O|  |TAMS 0x0000000088900000, 0x0000000088900000| Untracked 
| 138|0x0000000088a00000, 0x0000000088b00000, 0x0000000088b00000|100%| O|  |TAMS 0x0000000088a00000, 0x0000000088a00000| Untracked 
| 139|0x0000000088b00000, 0x0000000088c00000, 0x0000000088c00000|100%| O|  |TAMS 0x0000000088b00000, 0x0000000088b00000| Untracked 
| 140|0x0000000088c00000, 0x0000000088d00000, 0x0000000088d00000|100%| O|  |TAMS 0x0000000088c00000, 0x0000000088c00000| Untracked 
| 141|0x0000000088d00000, 0x0000000088e00000, 0x0000000088e00000|100%| O|  |TAMS 0x0000000088d00000, 0x0000000088d00000| Untracked 
| 142|0x0000000088e00000, 0x0000000088f00000, 0x0000000088f00000|100%| O|  |TAMS 0x0000000088e00000, 0x0000000088e00000| Untracked 
| 143|0x0000000088f00000, 0x0000000089000000, 0x0000000089000000|100%| O|  |TAMS 0x0000000088f00000, 0x0000000088f00000| Untracked 
| 144|0x0000000089000000, 0x0000000089100000, 0x0000000089100000|100%| O|  |TAMS 0x0000000089000000, 0x0000000089000000| Untracked 
| 145|0x0000000089100000, 0x0000000089200000, 0x0000000089200000|100%| O|  |TAMS 0x0000000089100000, 0x0000000089100000| Untracked 
| 146|0x0000000089200000, 0x0000000089300000, 0x0000000089300000|100%| O|  |TAMS 0x0000000089200000, 0x0000000089200000| Untracked 
| 147|0x0000000089300000, 0x0000000089400000, 0x0000000089400000|100%| O|  |TAMS 0x0000000089300000, 0x0000000089300000| Untracked 
| 148|0x0000000089400000, 0x0000000089500000, 0x0000000089500000|100%| O|  |TAMS 0x0000000089400000, 0x0000000089400000| Untracked 
| 149|0x0000000089500000, 0x0000000089600000, 0x0000000089600000|100%| O|  |TAMS 0x0000000089500000, 0x0000000089500000| Untracked 
| 150|0x0000000089600000, 0x0000000089700000, 0x0000000089700000|100%| O|  |TAMS 0x0000000089600000, 0x0000000089600000| Untracked 
| 151|0x0000000089700000, 0x0000000089800000, 0x0000000089800000|100%| O|  |TAMS 0x0000000089700000, 0x0000000089700000| Untracked 
| 152|0x0000000089800000, 0x0000000089900000, 0x0000000089900000|100%| O|  |TAMS 0x0000000089800000, 0x0000000089800000| Untracked 
| 153|0x0000000089900000, 0x0000000089a00000, 0x0000000089a00000|100%| O|  |TAMS 0x0000000089900000, 0x0000000089900000| Untracked 
| 154|0x0000000089a00000, 0x0000000089b00000, 0x0000000089b00000|100%| O|  |TAMS 0x0000000089a00000, 0x0000000089a00000| Untracked 
| 155|0x0000000089b00000, 0x0000000089c00000, 0x0000000089c00000|100%| O|  |TAMS 0x0000000089b00000, 0x0000000089b00000| Untracked 
| 156|0x0000000089c00000, 0x0000000089d00000, 0x0000000089d00000|100%| O|  |TAMS 0x0000000089c00000, 0x0000000089c00000| Untracked 
| 157|0x0000000089d00000, 0x0000000089e00000, 0x0000000089e00000|100%| O|  |TAMS 0x0000000089d00000, 0x0000000089d00000| Untracked 
| 158|0x0000000089e00000, 0x0000000089f00000, 0x0000000089f00000|100%| O|  |TAMS 0x0000000089e00000, 0x0000000089e00000| Untracked 
| 159|0x0000000089f00000, 0x000000008a000000, 0x000000008a000000|100%| O|  |TAMS 0x0000000089f00000, 0x0000000089f00000| Untracked 
| 160|0x000000008a000000, 0x000000008a100000, 0x000000008a100000|100%| O|  |TAMS 0x000000008a000000, 0x000000008a000000| Untracked 
| 161|0x000000008a100000, 0x000000008a200000, 0x000000008a200000|100%| O|  |TAMS 0x000000008a100000, 0x000000008a100000| Untracked 
| 162|0x000000008a200000, 0x000000008a300000, 0x000000008a300000|100%| O|  |TAMS 0x000000008a200000, 0x000000008a200000| Untracked 
| 163|0x000000008a300000, 0x000000008a400000, 0x000000008a400000|100%| O|  |TAMS 0x000000008a300000, 0x000000008a300000| Untracked 
| 164|0x000000008a400000, 0x000000008a500000, 0x000000008a500000|100%| O|  |TAMS 0x000000008a400000, 0x000000008a400000| Untracked 
| 165|0x000000008a500000, 0x000000008a600000, 0x000000008a600000|100%| O|  |TAMS 0x000000008a500000, 0x000000008a500000| Untracked 
| 166|0x000000008a600000, 0x000000008a700000, 0x000000008a700000|100%| O|  |TAMS 0x000000008a600000, 0x000000008a600000| Untracked 
| 167|0x000000008a700000, 0x000000008a800000, 0x000000008a800000|100%| O|  |TAMS 0x000000008a700000, 0x000000008a700000| Untracked 
| 168|0x000000008a800000, 0x000000008a900000, 0x000000008a900000|100%| O|  |TAMS 0x000000008a800000, 0x000000008a800000| Untracked 
| 169|0x000000008a900000, 0x000000008aa00000, 0x000000008aa00000|100%| O|  |TAMS 0x000000008a900000, 0x000000008a900000| Untracked 
| 170|0x000000008aa00000, 0x000000008ab00000, 0x000000008ab00000|100%| O|  |TAMS 0x000000008aa00000, 0x000000008aa00000| Untracked 
| 171|0x000000008ab00000, 0x000000008ac00000, 0x000000008ac00000|100%| O|  |TAMS 0x000000008ab00000, 0x000000008ab00000| Untracked 
| 172|0x000000008ac00000, 0x000000008ad00000, 0x000000008ad00000|100%| O|  |TAMS 0x000000008ac00000, 0x000000008ac00000| Untracked 
| 173|0x000000008ad00000, 0x000000008ae00000, 0x000000008ae00000|100%| O|  |TAMS 0x000000008ad00000, 0x000000008ad00000| Untracked 
| 174|0x000000008ae00000, 0x000000008af00000, 0x000000008af00000|100%| O|  |TAMS 0x000000008ae00000, 0x000000008ae00000| Untracked 
| 175|0x000000008af00000, 0x000000008b000000, 0x000000008b000000|100%| O|  |TAMS 0x000000008af00000, 0x000000008af00000| Untracked 
| 176|0x000000008b000000, 0x000000008b100000, 0x000000008b100000|100%| O|  |TAMS 0x000000008b000000, 0x000000008b000000| Untracked 
| 177|0x000000008b100000, 0x000000008b200000, 0x000000008b200000|100%| O|  |TAMS 0x000000008b100000, 0x000000008b100000| Untracked 
| 178|0x000000008b200000, 0x000000008b300000, 0x000000008b300000|100%| O|  |TAMS 0x000000008b200000, 0x000000008b200000| Untracked 
| 179|0x000000008b300000, 0x000000008b400000, 0x000000008b400000|100%| O|  |TAMS 0x000000008b300000, 0x000000008b300000| Untracked 
| 180|0x000000008b400000, 0x000000008b500000, 0x000000008b500000|100%| O|  |TAMS 0x000000008b400000, 0x000000008b400000| Untracked 
| 181|0x000000008b500000, 0x000000008b5fde00, 0x000000008b600000| 99%| O|  |TAMS 0x000000008b500000, 0x000000008b500000| Untracked 
| 182|0x000000008b600000, 0x000000008b600000, 0x000000008b700000|  0%| F|  |TAMS 0x000000008b600000, 0x000000008b600000| Untracked 
| 183|0x000000008b700000, 0x000000008b700000, 0x000000008b800000|  0%| F|  |TAMS 0x000000008b700000, 0x000000008b700000| Untracked 
| 184|0x000000008b800000, 0x000000008b800000, 0x000000008b900000|  0%| F|  |TAMS 0x000000008b800000, 0x000000008b800000| Untracked 
| 185|0x000000008b900000, 0x000000008b900000, 0x000000008ba00000|  0%| F|  |TAMS 0x000000008b900000, 0x000000008b900000| Untracked 
| 186|0x000000008ba00000, 0x000000008ba00000, 0x000000008bb00000|  0%| F|  |TAMS 0x000000008ba00000, 0x000000008ba00000| Untracked 
| 187|0x000000008bb00000, 0x000000008bb00000, 0x000000008bc00000|  0%| F|  |TAMS 0x000000008bb00000, 0x000000008bb00000| Untracked 
| 188|0x000000008bc00000, 0x000000008bc00000, 0x000000008bd00000|  0%| F|  |TAMS 0x000000008bc00000, 0x000000008bc00000| Untracked 
| 189|0x000000008bd00000, 0x000000008bd00000, 0x000000008be00000|  0%| F|  |TAMS 0x000000008bd00000, 0x000000008bd00000| Untracked 
| 190|0x000000008be00000, 0x000000008be00000, 0x000000008bf00000|  0%| F|  |TAMS 0x000000008be00000, 0x000000008be00000| Untracked 
| 191|0x000000008bf00000, 0x000000008bf00000, 0x000000008c000000|  0%| F|  |TAMS 0x000000008bf00000, 0x000000008bf00000| Untracked 
| 192|0x000000008c000000, 0x000000008c000000, 0x000000008c100000|  0%| F|  |TAMS 0x000000008c000000, 0x000000008c000000| Untracked 
| 193|0x000000008c100000, 0x000000008c100000, 0x000000008c200000|  0%| F|  |TAMS 0x000000008c100000, 0x000000008c100000| Untracked 
| 194|0x000000008c200000, 0x000000008c200000, 0x000000008c300000|  0%| F|  |TAMS 0x000000008c200000, 0x000000008c200000| Untracked 
| 195|0x000000008c300000, 0x000000008c300000, 0x000000008c400000|  0%| F|  |TAMS 0x000000008c300000, 0x000000008c300000| Untracked 
| 196|0x000000008c400000, 0x000000008c400000, 0x000000008c500000|  0%| F|  |TAMS 0x000000008c400000, 0x000000008c400000| Untracked 
| 197|0x000000008c500000, 0x000000008c500000, 0x000000008c600000|  0%| F|  |TAMS 0x000000008c500000, 0x000000008c500000| Untracked 
| 198|0x000000008c600000, 0x000000008c600000, 0x000000008c700000|  0%| F|  |TAMS 0x000000008c600000, 0x000000008c600000| Untracked 
| 199|0x000000008c700000, 0x000000008c700000, 0x000000008c800000|  0%| F|  |TAMS 0x000000008c700000, 0x000000008c700000| Untracked 
| 200|0x000000008c800000, 0x000000008c800000, 0x000000008c900000|  0%| F|  |TAMS 0x000000008c800000, 0x000000008c800000| Untracked 
| 201|0x000000008c900000, 0x000000008c900000, 0x000000008ca00000|  0%| F|  |TAMS 0x000000008c900000, 0x000000008c900000| Untracked 
| 202|0x000000008ca00000, 0x000000008ca00000, 0x000000008cb00000|  0%| F|  |TAMS 0x000000008ca00000, 0x000000008ca00000| Untracked 
| 203|0x000000008cb00000, 0x000000008cb00000, 0x000000008cc00000|  0%| F|  |TAMS 0x000000008cb00000, 0x000000008cb00000| Untracked 
| 204|0x000000008cc00000, 0x000000008cc00000, 0x000000008cd00000|  0%| F|  |TAMS 0x000000008cc00000, 0x000000008cc00000| Untracked 
| 205|0x000000008cd00000, 0x000000008cd00000, 0x000000008ce00000|  0%| F|  |TAMS 0x000000008cd00000, 0x000000008cd00000| Untracked 
| 206|0x000000008ce00000, 0x000000008ce00000, 0x000000008cf00000|  0%| F|  |TAMS 0x000000008ce00000, 0x000000008ce00000| Untracked 
| 207|0x000000008cf00000, 0x000000008cf00000, 0x000000008d000000|  0%| F|  |TAMS 0x000000008cf00000, 0x000000008cf00000| Untracked 
| 208|0x000000008d000000, 0x000000008d000000, 0x000000008d100000|  0%| F|  |TAMS 0x000000008d000000, 0x000000008d000000| Untracked 
| 209|0x000000008d100000, 0x000000008d100000, 0x000000008d200000|  0%| F|  |TAMS 0x000000008d100000, 0x000000008d100000| Untracked 
| 210|0x000000008d200000, 0x000000008d200000, 0x000000008d300000|  0%| F|  |TAMS 0x000000008d200000, 0x000000008d200000| Untracked 
| 211|0x000000008d300000, 0x000000008d300000, 0x000000008d400000|  0%| F|  |TAMS 0x000000008d300000, 0x000000008d300000| Untracked 
| 212|0x000000008d400000, 0x000000008d400000, 0x000000008d500000|  0%| F|  |TAMS 0x000000008d400000, 0x000000008d400000| Untracked 
| 213|0x000000008d500000, 0x000000008d55d9a0, 0x000000008d600000| 36%| S|CS|TAMS 0x000000008d500000, 0x000000008d500000| Complete 
| 214|0x000000008d600000, 0x000000008d700000, 0x000000008d700000|100%| S|CS|TAMS 0x000000008d600000, 0x000000008d600000| Complete 
| 215|0x000000008d700000, 0x000000008d700000, 0x000000008d800000|  0%| F|  |TAMS 0x000000008d700000, 0x000000008d700000| Untracked 
| 216|0x000000008d800000, 0x000000008d800000, 0x000000008d900000|  0%| F|  |TAMS 0x000000008d800000, 0x000000008d800000| Untracked 
| 217|0x000000008d900000, 0x000000008d900000, 0x000000008da00000|  0%| F|  |TAMS 0x000000008d900000, 0x000000008d900000| Untracked 
| 218|0x000000008da00000, 0x000000008da00000, 0x000000008db00000|  0%| F|  |TAMS 0x000000008da00000, 0x000000008da00000| Untracked 
| 219|0x000000008db00000, 0x000000008db00000, 0x000000008dc00000|  0%| F|  |TAMS 0x000000008db00000, 0x000000008db00000| Untracked 
| 220|0x000000008dc00000, 0x000000008dc00000, 0x000000008dd00000|  0%| F|  |TAMS 0x000000008dc00000, 0x000000008dc00000| Untracked 
| 221|0x000000008dd00000, 0x000000008dd00000, 0x000000008de00000|  0%| F|  |TAMS 0x000000008dd00000, 0x000000008dd00000| Untracked 
| 222|0x000000008de00000, 0x000000008de00000, 0x000000008df00000|  0%| F|  |TAMS 0x000000008de00000, 0x000000008de00000| Untracked 
| 223|0x000000008df00000, 0x000000008df00000, 0x000000008e000000|  0%| F|  |TAMS 0x000000008df00000, 0x000000008df00000| Untracked 
| 224|0x000000008e000000, 0x000000008e000000, 0x000000008e100000|  0%| F|  |TAMS 0x000000008e000000, 0x000000008e000000| Untracked 
| 225|0x000000008e100000, 0x000000008e100000, 0x000000008e200000|  0%| F|  |TAMS 0x000000008e100000, 0x000000008e100000| Untracked 
| 226|0x000000008e200000, 0x000000008e200000, 0x000000008e300000|  0%| F|  |TAMS 0x000000008e200000, 0x000000008e200000| Untracked 
| 227|0x000000008e300000, 0x000000008e300000, 0x000000008e400000|  0%| F|  |TAMS 0x000000008e300000, 0x000000008e300000| Untracked 
| 228|0x000000008e400000, 0x000000008e400000, 0x000000008e500000|  0%| F|  |TAMS 0x000000008e400000, 0x000000008e400000| Untracked 
| 229|0x000000008e500000, 0x000000008e500000, 0x000000008e600000|  0%| F|  |TAMS 0x000000008e500000, 0x000000008e500000| Untracked 
| 230|0x000000008e600000, 0x000000008e600000, 0x000000008e700000|  0%| F|  |TAMS 0x000000008e600000, 0x000000008e600000| Untracked 
| 231|0x000000008e700000, 0x000000008e700000, 0x000000008e800000|  0%| F|  |TAMS 0x000000008e700000, 0x000000008e700000| Untracked 
| 232|0x000000008e800000, 0x000000008e800000, 0x000000008e900000|  0%| F|  |TAMS 0x000000008e800000, 0x000000008e800000| Untracked 
| 233|0x000000008e900000, 0x000000008e900000, 0x000000008ea00000|  0%| F|  |TAMS 0x000000008e900000, 0x000000008e900000| Untracked 
| 234|0x000000008ea00000, 0x000000008ea00000, 0x000000008eb00000|  0%| F|  |TAMS 0x000000008ea00000, 0x000000008ea00000| Untracked 
| 235|0x000000008eb00000, 0x000000008eb4e850, 0x000000008ec00000| 30%| E|  |TAMS 0x000000008eb00000, 0x000000008eb00000| Complete 
| 236|0x000000008ec00000, 0x000000008ed00000, 0x000000008ed00000|100%| E|CS|TAMS 0x000000008ec00000, 0x000000008ec00000| Complete 
| 237|0x000000008ed00000, 0x000000008ee00000, 0x000000008ee00000|100%| E|CS|TAMS 0x000000008ed00000, 0x000000008ed00000| Complete 
| 238|0x000000008ee00000, 0x000000008ef00000, 0x000000008ef00000|100%| E|CS|TAMS 0x000000008ee00000, 0x000000008ee00000| Complete 

Card table byte_map: [0x00000168b03d0000,0x00000168b07d0000] _byte_map_base: 0x00000168affd0000

Marking Bits (Prev, Next): (CMBitMap*) 0x0000016899529a10, (CMBitMap*) 0x00000168995299d0
 Prev Bits: [0x00000168b2bd0000, 0x00000168b4bd0000)
 Next Bits: [0x00000168b0bd0000, 0x00000168b2bd0000)

Polling page: 0x0000016897310000

Metaspace:

Usage:
  Non-class:     86.21 MB used.
      Class:     14.06 MB used.
       Both:    100.27 MB used.

Virtual space:
  Non-class space:      128.00 MB reserved,      86.75 MB ( 68%) committed,  2 nodes.
      Class space:      416.00 MB reserved,      14.56 MB (  4%) committed,  1 nodes.
             Both:      544.00 MB reserved,     101.31 MB ( 19%) committed. 

Chunk freelists:
   Non-Class:  8.48 MB
       Class:  1.34 MB
        Both:  9.82 MB

MaxMetaspaceSize: 512.00 MB
CompressedClassSpaceSize: 416.00 MB
Initial GC threshold: 21.00 MB
Current GC threshold: 141.38 MB
CDS: on
MetaspaceReclaimPolicy: balanced
 - commit_granule_bytes: 65536.
 - commit_granule_words: 8192.
 - virtual_space_node_default_size: 8388608.
 - enlarge_chunks_in_place: 1.
 - new_chunks_are_fully_committed: 0.
 - uncommit_free_chunks: 1.
 - use_allocation_guard: 0.
 - handle_deallocations: 1.


Internal statistics:

num_allocs_failed_limit: 9.
num_arena_births: 1436.
num_arena_deaths: 0.
num_vsnodes_births: 3.
num_vsnodes_deaths: 0.
num_space_committed: 1621.
num_space_uncommitted: 0.
num_chunks_returned_to_freelist: 9.
num_chunks_taken_from_freelist: 6036.
num_chunk_merges: 9.
num_chunk_splits: 3869.
num_chunks_enlarged: 2422.
num_inconsistent_stats: 0.

CodeHeap 'non-profiled nmethods': size=120000Kb used=9392Kb max_used=9392Kb free=110607Kb
 bounds [0x00000168a8aa0000, 0x00000168a93d0000, 0x00000168affd0000]
CodeHeap 'profiled nmethods': size=120000Kb used=25987Kb max_used=25987Kb free=94012Kb
 bounds [0x00000168a0fd0000, 0x00000168a2940000, 0x00000168a8500000]
CodeHeap 'non-nmethods': size=5760Kb used=2415Kb max_used=2485Kb free=3344Kb
 bounds [0x00000168a8500000, 0x00000168a8770000, 0x00000168a8aa0000]
 total_blobs=14151 nmethods=13201 adapters=860
 compilation: enabled
              stopped_count=0, restarted_count=0
 full_count=0

Compilation events (20 events):
Event: 31.157 Thread 0x00000168b7092300 nmethod 15415 0x00000168a93ac110 code [0x00000168a93ac2a0, 0x00000168a93ac368]
Event: 31.158 Thread 0x00000168b7092300 15416       4       com.google.common.cache.AbstractCache$SimpleStatsCounter::recordLoadSuccess (20 bytes)
Event: 31.160 Thread 0x00000168b7092300 nmethod 15416 0x00000168a93ac490 code [0x00000168a93ac620, 0x00000168a93ac7b8]
Event: 31.162 Thread 0x00000168b7092300 15417       4       com.google.common.cache.LocalCache$Segment::newEntry (18 bytes)
Event: 31.167 Thread 0x00000168b7092300 nmethod 15417 0x00000168a93aca10 code [0x00000168a93acbc0, 0x00000168a93ad1d8]
Event: 31.175 Thread 0x00000168b7092300 15418   !   4       com.google.common.cache.LocalCache$Segment::lockedGetOrLoad (447 bytes)
Event: 31.200 Thread 0x00000168da1437e0 nmethod 15392 0x00000168a93ad390 code [0x00000168a93ad900, 0x00000168a93b4058]
Event: 31.200 Thread 0x00000168da1437e0 15422       4       sun.security.provider.MD5::implCompress (13 bytes)
Event: 31.201 Thread 0x00000168da1437e0 nmethod 15422 0x00000168a93b7910 code [0x00000168a93b7a80, 0x00000168a93b7b78]
Event: 31.201 Thread 0x00000168da1437e0 15421       4       org.gradle.internal.io.StreamByteBuffer$StreamByteBufferInputStream::read (8 bytes)
Event: 31.201 Thread 0x00000168da1437e0 nmethod 15421 0x00000168a93b7c90 code [0x00000168a93b7e20, 0x00000168a93b7ec8]
Event: 31.201 Thread 0x00000168da1437e0 15420       4       com.google.common.cache.LocalCache$LoadingValueReference::get (10 bytes)
Event: 31.201 Thread 0x00000168da1437e0 nmethod 15420 0x00000168a93b7f90 code [0x00000168a93b8100, 0x00000168a93b81b8]
Event: 31.202 Thread 0x00000168da1437e0 15419       4       org.gradle.cache.internal.InMemoryDecoratedCache$$Lambda$511/0x00000168b9480498::call (12 bytes)
Event: 31.237 Thread 0x00000168da1437e0 nmethod 15419 0x00000168a93b8290 code [0x00000168a93b8520, 0x00000168a93ba0a0]
Event: 31.238 Thread 0x00000168da1437e0 15423       4       org.gradle.cache.internal.DefaultFileLockManager$DefaultFileLock::assertOpenAndIntegral (41 bytes)
Event: 31.238 Thread 0x00000168da1437e0 nmethod 15423 0x00000168a93bae90 code [0x00000168a93bb020, 0x00000168a93bb138]
Event: 31.238 Thread 0x00000168da1437e0 15424   !   4       org.gradle.cache.internal.DefaultMultiProcessSafeIndexedCache::getIfPresent (25 bytes)
Event: 31.288 Thread 0x00000168b7092300 nmethod 15418 0x00000168a93bb290 code [0x00000168a93bb720, 0x00000168a93c0448]
Event: 31.288 Thread 0x00000168b7092300 15426       4       com.google.common.cache.LocalCache$Segment::evictEntries (106 bytes)

GC Heap History (20 events):
Event: 26.665 GC heap before
{Heap before GC invocations=41 (full 0):
 garbage-first heap   total 244736K, used 198151K [0x0000000080000000, 0x0000000100000000)
  region size 1024K, 73 young (74752K), 10 survivors (10240K)
 Metaspace       used 95066K, committed 96064K, reserved 557056K
  class space    used 13421K, committed 13888K, reserved 425984K
}
Event: 26.680 GC heap after
{Heap after GC invocations=42 (full 0):
 garbage-first heap   total 244736K, used 143338K [0x0000000080000000, 0x0000000100000000)
  region size 1024K, 10 young (10240K), 10 survivors (10240K)
 Metaspace       used 95066K, committed 96064K, reserved 557056K
  class space    used 13421K, committed 13888K, reserved 425984K
}
Event: 27.779 GC heap before
{Heap before GC invocations=42 (full 0):
 garbage-first heap   total 244736K, used 200682K [0x0000000080000000, 0x0000000100000000)
  region size 1024K, 64 young (65536K), 10 survivors (10240K)
 Metaspace       used 95707K, committed 96704K, reserved 557056K
  class space    used 13495K, committed 13952K, reserved 425984K
}
Event: 27.793 GC heap after
{Heap after GC invocations=43 (full 0):
 garbage-first heap   total 244736K, used 162203K [0x0000000080000000, 0x0000000100000000)
  region size 1024K, 8 young (8192K), 8 survivors (8192K)
 Metaspace       used 95707K, committed 96704K, reserved 557056K
  class space    used 13495K, committed 13952K, reserved 425984K
}
Event: 28.299 GC heap before
{Heap before GC invocations=43 (full 0):
 garbage-first heap   total 244736K, used 201115K [0x0000000080000000, 0x0000000100000000)
  region size 1024K, 46 young (47104K), 8 survivors (8192K)
 Metaspace       used 99469K, committed 100480K, reserved 557056K
  class space    used 14036K, committed 14528K, reserved 425984K
}
Event: 28.313 GC heap after
{Heap after GC invocations=44 (full 0):
 garbage-first heap   total 244736K, used 165724K [0x0000000080000000, 0x0000000100000000)
  region size 1024K, 3 young (3072K), 3 survivors (3072K)
 Metaspace       used 99469K, committed 100480K, reserved 557056K
  class space    used 14036K, committed 14528K, reserved 425984K
}
Event: 28.965 GC heap before
{Heap before GC invocations=44 (full 0):
 garbage-first heap   total 244736K, used 203612K [0x0000000080000000, 0x0000000100000000)
  region size 1024K, 40 young (40960K), 3 survivors (3072K)
 Metaspace       used 101018K, committed 102080K, reserved 557056K
  class space    used 14215K, committed 14720K, reserved 425984K
}
Event: 28.975 GC heap after
{Heap after GC invocations=45 (full 0):
 garbage-first heap   total 244736K, used 171801K [0x0000000080000000, 0x0000000100000000)
  region size 1024K, 5 young (5120K), 5 survivors (5120K)
 Metaspace       used 101018K, committed 102080K, reserved 557056K
  class space    used 14215K, committed 14720K, reserved 425984K
}
Event: 29.319 GC heap before
{Heap before GC invocations=45 (full 0):
 garbage-first heap   total 244736K, used 205593K [0x0000000080000000, 0x0000000100000000)
  region size 1024K, 38 young (38912K), 5 survivors (5120K)
 Metaspace       used 101333K, committed 102336K, reserved 557056K
  class space    used 14233K, committed 14720K, reserved 425984K
}
Event: 29.328 GC heap after
{Heap after GC invocations=46 (full 0):
 garbage-first heap   total 244736K, used 175919K [0x0000000080000000, 0x0000000100000000)
  region size 1024K, 4 young (4096K), 4 survivors (4096K)
 Metaspace       used 101333K, committed 102336K, reserved 557056K
  class space    used 14233K, committed 14720K, reserved 425984K
}
Event: 29.581 GC heap before
{Heap before GC invocations=46 (full 0):
 garbage-first heap   total 244736K, used 207663K [0x0000000080000000, 0x0000000100000000)
  region size 1024K, 35 young (35840K), 4 survivors (4096K)
 Metaspace       used 101534K, committed 102528K, reserved 557056K
  class space    used 14250K, committed 14720K, reserved 425984K
}
Event: 29.592 GC heap after
{Heap after GC invocations=47 (full 0):
 garbage-first heap   total 244736K, used 179642K [0x0000000080000000, 0x0000000100000000)
  region size 1024K, 4 young (4096K), 4 survivors (4096K)
 Metaspace       used 101534K, committed 102528K, reserved 557056K
  class space    used 14250K, committed 14720K, reserved 425984K
}
Event: 29.995 GC heap before
{Heap before GC invocations=47 (full 0):
 garbage-first heap   total 244736K, used 207290K [0x0000000080000000, 0x0000000100000000)
  region size 1024K, 32 young (32768K), 4 survivors (4096K)
 Metaspace       used 102225K, committed 103296K, reserved 557056K
  class space    used 14350K, committed 14848K, reserved 425984K
}
Event: 30.002 GC heap after
{Heap after GC invocations=48 (full 0):
 garbage-first heap   total 244736K, used 181893K [0x0000000080000000, 0x0000000100000000)
  region size 1024K, 2 young (2048K), 2 survivors (2048K)
 Metaspace       used 102225K, committed 103296K, reserved 557056K
  class space    used 14350K, committed 14848K, reserved 425984K
}
Event: 30.386 GC heap before
{Heap before GC invocations=48 (full 0):
 garbage-first heap   total 244736K, used 208517K [0x0000000080000000, 0x0000000100000000)
  region size 1024K, 29 young (29696K), 2 survivors (2048K)
 Metaspace       used 102597K, committed 103616K, reserved 557056K
  class space    used 14395K, committed 14912K, reserved 425984K
}
Event: 30.390 GC heap after
{Heap after GC invocations=49 (full 0):
 garbage-first heap   total 244736K, used 183197K [0x0000000080000000, 0x0000000100000000)
  region size 1024K, 4 young (4096K), 4 survivors (4096K)
 Metaspace       used 102597K, committed 103616K, reserved 557056K
  class space    used 14395K, committed 14912K, reserved 425984K
}
Event: 30.965 GC heap before
{Heap before GC invocations=49 (full 0):
 garbage-first heap   total 244736K, used 209821K [0x0000000080000000, 0x0000000100000000)
  region size 1024K, 31 young (31744K), 4 survivors (4096K)
 Metaspace       used 102669K, committed 103744K, reserved 557056K
  class space    used 14400K, committed 14912K, reserved 425984K
}
Event: 30.971 GC heap after
{Heap after GC invocations=50 (full 0):
 garbage-first heap   total 244736K, used 186233K [0x0000000080000000, 0x0000000100000000)
  region size 1024K, 4 young (4096K), 4 survivors (4096K)
 Metaspace       used 102669K, committed 103744K, reserved 557056K
  class space    used 14400K, committed 14912K, reserved 425984K
}
Event: 31.268 GC heap before
{Heap before GC invocations=50 (full 0):
 garbage-first heap   total 244736K, used 210809K [0x0000000080000000, 0x0000000100000000)
  region size 1024K, 28 young (28672K), 4 survivors (4096K)
 Metaspace       used 102670K, committed 103744K, reserved 557056K
  class space    used 14400K, committed 14912K, reserved 425984K
}
Event: 31.273 GC heap after
{Heap after GC invocations=51 (full 0):
 garbage-first heap   total 244736K, used 187735K [0x0000000080000000, 0x0000000100000000)
  region size 1024K, 2 young (2048K), 2 survivors (2048K)
 Metaspace       used 102670K, committed 103744K, reserved 557056K
  class space    used 14400K, committed 14912K, reserved 425984K
}

Dll operation events (14 events):
Event: 0.013 Loaded shared library C:\Program Files\Microsoft\jdk-17.0.8.7-hotspot\bin\java.dll
Event: 0.030 Loaded shared library C:\Program Files\Microsoft\jdk-17.0.8.7-hotspot\bin\jsvml.dll
Event: 0.076 Loaded shared library C:\Program Files\Microsoft\jdk-17.0.8.7-hotspot\bin\zip.dll
Event: 0.080 Loaded shared library C:\Program Files\Microsoft\jdk-17.0.8.7-hotspot\bin\instrument.dll
Event: 0.084 Loaded shared library C:\Program Files\Microsoft\jdk-17.0.8.7-hotspot\bin\net.dll
Event: 0.085 Loaded shared library C:\Program Files\Microsoft\jdk-17.0.8.7-hotspot\bin\nio.dll
Event: 0.088 Loaded shared library C:\Program Files\Microsoft\jdk-17.0.8.7-hotspot\bin\zip.dll
Event: 0.260 Loaded shared library C:\Program Files\Microsoft\jdk-17.0.8.7-hotspot\bin\jimage.dll
Event: 0.319 Loaded shared library C:\Program Files\Microsoft\jdk-17.0.8.7-hotspot\bin\verify.dll
Event: 0.460 Loaded shared library C:\Users\IBAD\.gradle\native\68d5fa5c4cc2d200863cafc0d521ce42e7d3e7ee720ec0a83991735586a16f82\windows-amd64\native-platform.dll
Event: 0.479 Loaded shared library C:\Users\IBAD\.gradle\native\e376f236ea51e6404a007f0833ffe2c6e607c4080706a723a18a27aeea778392\windows-amd64\native-platform-file-events.dll
Event: 1.453 Loaded shared library C:\Program Files\Microsoft\jdk-17.0.8.7-hotspot\bin\management.dll
Event: 1.456 Loaded shared library C:\Program Files\Microsoft\jdk-17.0.8.7-hotspot\bin\management_ext.dll
Event: 1.800 Loaded shared library C:\Program Files\Microsoft\jdk-17.0.8.7-hotspot\bin\sunmscapi.dll

Deoptimization events (20 events):
Event: 30.417 Thread 0x00000168b75986b0 Uncommon trap: trap_request=0xffffffc6 fr.pc=0x00000168a9343a40 relative=0x00000000000000a0
Event: 30.417 Thread 0x00000168b75986b0 Uncommon trap: reason=bimorphic_or_optimized_type_check action=maybe_recompile pc=0x00000168a9343a40 method=org.gradle.execution.plan.ActionNode.hasPendingPreExecutionNodes()Z @ 11 c2
Event: 30.417 Thread 0x00000168b75986b0 DEOPT PACKING pc=0x00000168a9343a40 sp=0x0000001582cfeaf0
Event: 30.417 Thread 0x00000168b75986b0 DEOPT UNPACKING pc=0x00000168a85569a3 sp=0x0000001582cfea78 mode 2
Event: 30.426 Thread 0x00000168b75986b0 Uncommon trap: trap_request=0xffffffc6 fr.pc=0x00000168a9343a40 relative=0x00000000000000a0
Event: 30.426 Thread 0x00000168b75986b0 Uncommon trap: reason=bimorphic_or_optimized_type_check action=maybe_recompile pc=0x00000168a9343a40 method=org.gradle.execution.plan.ActionNode.hasPendingPreExecutionNodes()Z @ 11 c2
Event: 30.426 Thread 0x00000168b75986b0 DEOPT PACKING pc=0x00000168a9343a40 sp=0x0000001582cfeaf0
Event: 30.426 Thread 0x00000168b75986b0 DEOPT UNPACKING pc=0x00000168a85569a3 sp=0x0000001582cfea78 mode 2
Event: 30.430 Thread 0x00000168b75981a0 Uncommon trap: trap_request=0xffffffc6 fr.pc=0x00000168a9343a40 relative=0x00000000000000a0
Event: 30.430 Thread 0x00000168b75981a0 Uncommon trap: reason=bimorphic_or_optimized_type_check action=maybe_recompile pc=0x00000168a9343a40 method=org.gradle.execution.plan.ActionNode.hasPendingPreExecutionNodes()Z @ 11 c2
Event: 30.430 Thread 0x00000168b75981a0 DEOPT PACKING pc=0x00000168a9343a40 sp=0x0000001582bfe9e0
Event: 30.430 Thread 0x00000168b75981a0 DEOPT UNPACKING pc=0x00000168a85569a3 sp=0x0000001582bfe968 mode 2
Event: 31.058 Thread 0x00000168b7593ac0 Uncommon trap: trap_request=0xffffff45 fr.pc=0x00000168a937f71c relative=0x00000000000006dc
Event: 31.058 Thread 0x00000168b7593ac0 Uncommon trap: reason=unstable_if action=reinterpret pc=0x00000168a937f71c method=java.util.concurrent.ArrayBlockingQueue.enqueue(Ljava/lang/Object;)V @ 25 c2
Event: 31.058 Thread 0x00000168b7593ac0 DEOPT PACKING pc=0x00000168a937f71c sp=0x00000015833faa50
Event: 31.058 Thread 0x00000168b7593ac0 DEOPT UNPACKING pc=0x00000168a85569a3 sp=0x00000015833faa20 mode 2
Event: 31.058 Thread 0x00000168d86829f0 Uncommon trap: trap_request=0xffffff45 fr.pc=0x00000168a93938c8 relative=0x0000000000000688
Event: 31.058 Thread 0x00000168d86829f0 Uncommon trap: reason=unstable_if action=reinterpret pc=0x00000168a93938c8 method=java.util.concurrent.ArrayBlockingQueue.dequeue()Ljava/lang/Object; @ 32 c2
Event: 31.058 Thread 0x00000168d86829f0 DEOPT PACKING pc=0x00000168a93938c8 sp=0x0000001580efeeb0
Event: 31.058 Thread 0x00000168d86829f0 DEOPT UNPACKING pc=0x00000168a85569a3 sp=0x0000001580efee90 mode 2

Classes unloaded (0 events):
No events

Classes redefined (0 events):
No events

Internal exceptions (20 events):
Event: 28.370 Thread 0x00000168d8680b90 Implicit null exception at 0x00000168a9100437 to 0x00000168a9100d74
Event: 28.975 Thread 0x00000168b706ca60 Implicit null exception at 0x00000168a9058afd to 0x00000168a9059214
Event: 29.001 Thread 0x00000168d8680b90 Exception <a 'java/lang/IncompatibleClassChangeError'{0x000000008ec085a8}: Found class java.lang.Object, but interface was expected> (0x000000008ec085a8) 
thrown [s\src\hotspot\share\interpreter\linkResolver.cpp, line 826]
Event: 29.079 Thread 0x00000168d8680b90 Exception <a 'sun/nio/fs/WindowsException'{0x000000008e478358}> (0x000000008e478358) 
thrown [s\src\hotspot\share\prims\jni.cpp, line 516]
Event: 29.079 Thread 0x00000168d8680b90 Exception <a 'sun/nio/fs/WindowsException'{0x000000008e479998}> (0x000000008e479998) 
thrown [s\src\hotspot\share\prims\jni.cpp, line 516]
Event: 29.079 Thread 0x00000168d8680b90 Exception <a 'sun/nio/fs/WindowsException'{0x000000008e47b028}> (0x000000008e47b028) 
thrown [s\src\hotspot\share\prims\jni.cpp, line 516]
Event: 29.079 Thread 0x00000168d8680b90 Exception <a 'sun/nio/fs/WindowsException'{0x000000008e47c6b8}> (0x000000008e47c6b8) 
thrown [s\src\hotspot\share\prims\jni.cpp, line 516]
Event: 29.656 Thread 0x00000168b7595e30 Exception <a 'java/lang/NoSuchMethodError'{0x000000008eadf9c8}: 'void java.lang.invoke.DirectMethodHandle$Holder.invokeStatic(java.lang.Object, java.lang.Object, java.lang.Object, java.lang.Object, int, java.lang.Object, java.lang.Object)'> (0x000000008eadf9c8) 
thrown [s\src\hotspot\share\interpreter\linkResolver.cpp, line 759]
Event: 29.683 Thread 0x00000168e2fe7670 Exception <a 'java/lang/NoSuchMethodError'{0x000000008e85c800}: 'java.lang.Object java.lang.invoke.DirectMethodHandle$Holder.invokeSpecialIFC(java.lang.Object, java.lang.Object, java.lang.Object)'> (0x000000008e85c800) 
thrown [s\src\hotspot\share\interpreter\linkResolver.cpp, line 759]
Event: 29.683 Thread 0x00000168e2fe6230 Exception <a 'java/lang/NoSuchMethodError'{0x000000008e9dd640}: 'java.lang.Object java.lang.invoke.DirectMethodHandle$Holder.invokeSpecialIFC(java.lang.Object, java.lang.Object, java.lang.Object)'> (0x000000008e9dd640) 
thrown [s\src\hotspot\share\interpreter\linkResolver.cpp, line 759]
Event: 29.683 Thread 0x00000168e2fe2570 Exception <a 'java/lang/NoSuchMethodError'{0x000000008e86e1b8}: 'java.lang.Object java.lang.invoke.DirectMethodHandle$Holder.invokeSpecialIFC(java.lang.Object, java.lang.Object, java.lang.Object)'> (0x000000008e86e1b8) 
thrown [s\src\hotspot\share\interpreter\linkResolver.cpp, line 759]
Event: 29.683 Thread 0x00000168b7595e30 Exception <a 'java/lang/NoSuchMethodError'{0x000000008e869f98}: 'java.lang.Object java.lang.invoke.DirectMethodHandle$Holder.invokeSpecialIFC(java.lang.Object, java.lang.Object, java.lang.Object)'> (0x000000008e869f98) 
thrown [s\src\hotspot\share\interpreter\linkResolver.cpp, line 759]
Event: 29.804 Thread 0x00000168e2fe2570 Exception <a 'java/lang/NoSuchMethodError'{0x000000008e110f40}: 'void java.lang.invoke.DirectMethodHandle$Holder.invokeVirtual(java.lang.Object, java.lang.Object)'> (0x000000008e110f40) 
thrown [s\src\hotspot\share\interpreter\linkResolver.cpp, line 759]
Event: 30.326 Thread 0x00000168b7595e30 Exception <a 'java/lang/ClassNotFoundException'{0x000000008d6b9a38}: groovy/util/FileTreeBuilderBeanInfo> (0x000000008d6b9a38) 
thrown [s\src\hotspot\share\classfile\systemDictionary.cpp, line 256]
Event: 30.327 Thread 0x00000168b7595e30 Exception <a 'java/lang/ClassNotFoundException'{0x000000008d51d238}: groovy/util/FileTreeBuilderCustomizer> (0x000000008d51d238) 
thrown [s\src\hotspot\share\classfile\systemDictionary.cpp, line 256]
Event: 30.335 Thread 0x00000168b7595e30 Exception <a 'java/lang/ClassNotFoundException'{0x000000008d556dd8}: java/io/BufferedWriterBeanInfo> (0x000000008d556dd8) 
thrown [s\src\hotspot\share\classfile\systemDictionary.cpp, line 256]
Event: 30.335 Thread 0x00000168b7595e30 Exception <a 'java/lang/ClassNotFoundException'{0x000000008d55cf08}: java/io/WriterBeanInfo> (0x000000008d55cf08) 
thrown [s\src\hotspot\share\classfile\systemDictionary.cpp, line 256]
Event: 30.335 Thread 0x00000168b7595e30 Exception <a 'java/lang/ClassNotFoundException'{0x000000008d563270}: java/io/WriterCustomizer> (0x000000008d563270) 
thrown [s\src\hotspot\share\classfile\systemDictionary.cpp, line 256]
Event: 30.335 Thread 0x00000168b7595e30 Exception <a 'java/lang/ClassNotFoundException'{0x000000008d572280}: java/io/BufferedWriterCustomizer> (0x000000008d572280) 
thrown [s\src\hotspot\share\classfile\systemDictionary.cpp, line 256]
Event: 30.359 Thread 0x00000168b7595e30 Exception <a 'java/lang/NoSuchMethodError'{0x000000008d406c80}: static Lcom/android/build/api/variant/BuildConfigField;.<clinit>()V> (0x000000008d406c80) 
thrown [s\src\hotspot\share\prims\jni.cpp, line 1107]

VM Operations (20 events):
Event: 29.581 Executing VM operation: G1CollectForAllocation
Event: 29.592 Executing VM operation: G1CollectForAllocation done
Event: 29.632 Executing VM operation: HandshakeAllThreads
Event: 29.632 Executing VM operation: HandshakeAllThreads done
Event: 29.663 Executing VM operation: HandshakeAllThreads
Event: 29.663 Executing VM operation: HandshakeAllThreads done
Event: 29.697 Executing VM operation: HandshakeAllThreads
Event: 29.697 Executing VM operation: HandshakeAllThreads done
Event: 29.795 Executing VM operation: ICBufferFull
Event: 29.795 Executing VM operation: ICBufferFull done
Event: 29.995 Executing VM operation: G1CollectForAllocation
Event: 30.002 Executing VM operation: G1CollectForAllocation done
Event: 30.358 Executing VM operation: ICBufferFull
Event: 30.358 Executing VM operation: ICBufferFull done
Event: 30.386 Executing VM operation: G1CollectForAllocation
Event: 30.390 Executing VM operation: G1CollectForAllocation done
Event: 30.965 Executing VM operation: G1CollectForAllocation
Event: 30.971 Executing VM operation: G1CollectForAllocation done
Event: 31.267 Executing VM operation: G1CollectForAllocation
Event: 31.273 Executing VM operation: G1CollectForAllocation done

Events (20 events):
Event: 30.145 Thread 0x00000168e2fe94d0 Thread added: 0x00000168e2fe94d0
Event: 30.145 Thread 0x00000168e2fe5300 Thread added: 0x00000168e2fe5300
Event: 30.157 Thread 0x00000168e2fe5d20 Thread added: 0x00000168e2fe5d20
Event: 30.293 Thread 0x00000168e2fe8090 Thread added: 0x00000168e2fe8090
Event: 30.335 loading class java/io/BufferedWriterBeanInfo
Event: 30.335 loading class java/io/BufferedWriterBeanInfo done
Event: 30.335 loading class java/io/BufferedWriterBeanInfo
Event: 30.335 loading class java/io/BufferedWriterBeanInfo done
Event: 30.335 loading class java/io/WriterBeanInfo
Event: 30.335 loading class java/io/WriterBeanInfo done
Event: 30.335 loading class java/io/WriterBeanInfo
Event: 30.335 loading class java/io/WriterBeanInfo done
Event: 30.335 loading class java/io/WriterCustomizer
Event: 30.335 loading class java/io/WriterCustomizer done
Event: 30.335 loading class java/io/WriterCustomizer
Event: 30.335 loading class java/io/WriterCustomizer done
Event: 30.335 loading class java/io/BufferedWriterCustomizer
Event: 30.335 loading class java/io/BufferedWriterCustomizer done
Event: 30.335 loading class java/io/BufferedWriterCustomizer
Event: 30.335 loading class java/io/BufferedWriterCustomizer done


Dynamic libraries:
0x00007ff7e3070000 - 0x00007ff7e307e000 	C:\Program Files\Microsoft\jdk-17.0.8.7-hotspot\bin\java.exe
0x00007ffe6d650000 - 0x00007ffe6d848000 	C:\Windows\SYSTEM32\ntdll.dll
0x00007ffe6c350000 - 0x00007ffe6c40d000 	C:\Windows\System32\KERNEL32.DLL
0x00007ffe6b320000 - 0x00007ffe6b616000 	C:\Windows\System32\KERNELBASE.dll
0x00007ffe6b060000 - 0x00007ffe6b160000 	C:\Windows\System32\ucrtbase.dll
0x00007ffe59040000 - 0x00007ffe5905b000 	C:\Program Files\Microsoft\jdk-17.0.8.7-hotspot\bin\VCRUNTIME140.dll
0x00007ffe59e80000 - 0x00007ffe59e97000 	C:\Program Files\Microsoft\jdk-17.0.8.7-hotspot\bin\jli.dll
0x00007ffe6c820000 - 0x00007ffe6c9be000 	C:\Windows\System32\USER32.dll
0x00007ffe6b1d0000 - 0x00007ffe6b1f2000 	C:\Windows\System32\win32u.dll
0x00007ffe5fea0000 - 0x00007ffe6013a000 	C:\Windows\WinSxS\amd64_microsoft.windows.common-controls_6595b64144ccf1df_6.0.19041.3636_none_60b6a03d71f818d5\COMCTL32.dll
0x00007ffe6bc60000 - 0x00007ffe6bc8c000 	C:\Windows\System32\GDI32.dll
0x00007ffe6bf50000 - 0x00007ffe6bfee000 	C:\Windows\System32\msvcrt.dll
0x00007ffe6b200000 - 0x00007ffe6b31a000 	C:\Windows\System32\gdi32full.dll
0x00007ffe6ad30000 - 0x00007ffe6adcd000 	C:\Windows\System32\msvcp_win.dll
0x00007ffe6c740000 - 0x00007ffe6c770000 	C:\Windows\System32\IMM32.DLL
0x00007ffe5bb50000 - 0x00007ffe5bb5c000 	C:\Program Files\Microsoft\jdk-17.0.8.7-hotspot\bin\vcruntime140_1.dll
0x00007ffe57ae0000 - 0x00007ffe57b6d000 	C:\Program Files\Microsoft\jdk-17.0.8.7-hotspot\bin\msvcp140.dll
0x00007ffe29340000 - 0x00007ffe29fa5000 	C:\Program Files\Microsoft\jdk-17.0.8.7-hotspot\bin\server\jvm.dll
0x00007ffe6c770000 - 0x00007ffe6c81f000 	C:\Windows\System32\ADVAPI32.dll
0x00007ffe6bdd0000 - 0x00007ffe6be6c000 	C:\Windows\System32\sechost.dll
0x00007ffe6d450000 - 0x00007ffe6d576000 	C:\Windows\System32\RPCRT4.dll
0x00007ffe5bb70000 - 0x00007ffe5bb79000 	C:\Windows\SYSTEM32\WSOCK32.dll
0x00007ffe6a290000 - 0x00007ffe6a2db000 	C:\Windows\SYSTEM32\POWRPROF.dll
0x00007ffe6d300000 - 0x00007ffe6d36b000 	C:\Windows\System32\WS2_32.dll
0x00007ffe64330000 - 0x00007ffe64357000 	C:\Windows\SYSTEM32\WINMM.dll
0x00007ffe64cd0000 - 0x00007ffe64cda000 	C:\Windows\SYSTEM32\VERSION.dll
0x00007ffe6a150000 - 0x00007ffe6a162000 	C:\Windows\SYSTEM32\UMPDC.dll
0x00007ffe68c10000 - 0x00007ffe68c22000 	C:\Windows\SYSTEM32\kernel.appcore.dll
0x00007ffe59030000 - 0x00007ffe5903a000 	C:\Program Files\Microsoft\jdk-17.0.8.7-hotspot\bin\jimage.dll
0x00007ffe5a490000 - 0x00007ffe5a674000 	C:\Windows\SYSTEM32\DBGHELP.DLL
0x00007ffe5a2d0000 - 0x00007ffe5a304000 	C:\Windows\SYSTEM32\dbgcore.DLL
0x00007ffe6b620000 - 0x00007ffe6b6a2000 	C:\Windows\System32\bcryptPrimitives.dll
0x00007ffe51b00000 - 0x00007ffe51b0e000 	C:\Program Files\Microsoft\jdk-17.0.8.7-hotspot\bin\instrument.dll
0x00007ffe59000000 - 0x00007ffe59025000 	C:\Program Files\Microsoft\jdk-17.0.8.7-hotspot\bin\java.dll
0x00007ffe57a00000 - 0x00007ffe57ad7000 	C:\Program Files\Microsoft\jdk-17.0.8.7-hotspot\bin\jsvml.dll
0x00007ffe6cae0000 - 0x00007ffe6d225000 	C:\Windows\System32\SHELL32.dll
0x00007ffe68e10000 - 0x00007ffe695ab000 	C:\Windows\SYSTEM32\windows.storage.dll
0x00007ffe6bff0000 - 0x00007ffe6c344000 	C:\Windows\System32\combase.dll
0x00007ffe6a770000 - 0x00007ffe6a79d000 	C:\Windows\SYSTEM32\Wldp.dll
0x00007ffe6c690000 - 0x00007ffe6c73d000 	C:\Windows\System32\SHCORE.dll
0x00007ffe6c620000 - 0x00007ffe6c675000 	C:\Windows\System32\shlwapi.dll
0x00007ffe6ac60000 - 0x00007ffe6ac85000 	C:\Windows\SYSTEM32\profapi.dll
0x00007ffe579e0000 - 0x00007ffe579f8000 	C:\Program Files\Microsoft\jdk-17.0.8.7-hotspot\bin\zip.dll
0x00007ffe58fe0000 - 0x00007ffe58ff9000 	C:\Program Files\Microsoft\jdk-17.0.8.7-hotspot\bin\net.dll
0x00007ffe64d60000 - 0x00007ffe64e6a000 	C:\Windows\SYSTEM32\WINHTTP.dll
0x00007ffe6a4d0000 - 0x00007ffe6a53a000 	C:\Windows\system32\mswsock.dll
0x00007ffe58e50000 - 0x00007ffe58e66000 	C:\Program Files\Microsoft\jdk-17.0.8.7-hotspot\bin\nio.dll
0x00007ffe58fd0000 - 0x00007ffe58fe0000 	C:\Program Files\Microsoft\jdk-17.0.8.7-hotspot\bin\verify.dll
0x00007ffe4cf70000 - 0x00007ffe4cf97000 	C:\Users\IBAD\.gradle\native\68d5fa5c4cc2d200863cafc0d521ce42e7d3e7ee720ec0a83991735586a16f82\windows-amd64\native-platform.dll
0x00007ffe291f0000 - 0x00007ffe29334000 	C:\Users\IBAD\.gradle\native\e376f236ea51e6404a007f0833ffe2c6e607c4080706a723a18a27aeea778392\windows-amd64\native-platform-file-events.dll
0x00007ffe53700000 - 0x00007ffe53709000 	C:\Program Files\Microsoft\jdk-17.0.8.7-hotspot\bin\management.dll
0x00007ffe52050000 - 0x00007ffe5205b000 	C:\Program Files\Microsoft\jdk-17.0.8.7-hotspot\bin\management_ext.dll
0x00007ffe6c680000 - 0x00007ffe6c688000 	C:\Windows\System32\PSAPI.DLL
0x00007ffe6a6d0000 - 0x00007ffe6a6e8000 	C:\Windows\SYSTEM32\CRYPTSP.dll
0x00007ffe69d30000 - 0x00007ffe69d64000 	C:\Windows\system32\rsaenh.dll
0x00007ffe6b030000 - 0x00007ffe6b057000 	C:\Windows\System32\bcrypt.dll
0x00007ffe6ac20000 - 0x00007ffe6ac4e000 	C:\Windows\SYSTEM32\USERENV.dll
0x00007ffe6a6c0000 - 0x00007ffe6a6cc000 	C:\Windows\SYSTEM32\CRYPTBASE.dll
0x00007ffe6a170000 - 0x00007ffe6a1ab000 	C:\Windows\SYSTEM32\IPHLPAPI.DLL
0x00007ffe6bc90000 - 0x00007ffe6bc98000 	C:\Windows\System32\NSI.dll
0x00007ffe65840000 - 0x00007ffe65857000 	C:\Windows\SYSTEM32\dhcpcsvc6.DLL
0x00007ffe65880000 - 0x00007ffe6589d000 	C:\Windows\SYSTEM32\dhcpcsvc.DLL
0x00007ffe6a1b0000 - 0x00007ffe6a27a000 	C:\Windows\SYSTEM32\DNSAPI.dll
0x00007ffe50a20000 - 0x00007ffe50a2e000 	C:\Program Files\Microsoft\jdk-17.0.8.7-hotspot\bin\sunmscapi.dll
0x00007ffe6add0000 - 0x00007ffe6af2d000 	C:\Windows\System32\CRYPT32.dll
0x00007ffe6a7e0000 - 0x00007ffe6a807000 	C:\Windows\SYSTEM32\ncrypt.dll
0x00007ffe6a7a0000 - 0x00007ffe6a7db000 	C:\Windows\SYSTEM32\NTASN1.dll
0x00007ffe56d80000 - 0x00007ffe56d87000 	C:\Windows\system32\wshunix.dll
0x00007ffe541f0000 - 0x00007ffe54207000 	C:\Windows\system32\napinsp.dll
0x00007ffe54040000 - 0x00007ffe5405b000 	C:\Windows\system32\pnrpnsp.dll
0x00007ffe54020000 - 0x00007ffe54035000 	C:\Windows\system32\wshbth.dll
0x00007ffe66740000 - 0x00007ffe6675d000 	C:\Windows\system32\NLAapi.dll
0x00007ffe54000000 - 0x00007ffe54012000 	C:\Windows\System32\winrnr.dll
0x0000000070ae0000 - 0x0000000070aeb000 	C:\Program Files\National Instruments\Shared\mDNS Responder\nimdnsNSP.dll
0x0000000070b20000 - 0x0000000070b31000 	C:\Windows\SYSTEM32\nimdnsResponder.dll
0x00007ffe61db0000 - 0x00007ffe61dba000 	C:\Windows\System32\rasadhlp.dll
0x00007ffe61ea0000 - 0x00007ffe61f20000 	C:\Windows\System32\fwpuclnt.dll

dbghelp: loaded successfully - version: 4.0.5 - missing functions: none
symbol engine: initialized successfully - sym options: 0x614 - pdb path: .;C:\Program Files\Microsoft\jdk-17.0.8.7-hotspot\bin;C:\Windows\SYSTEM32;C:\Windows\WinSxS\amd64_microsoft.windows.common-controls_6595b64144ccf1df_6.0.19041.3636_none_60b6a03d71f818d5;C:\Program Files\Microsoft\jdk-17.0.8.7-hotspot\bin\server;C:\Users\IBAD\.gradle\native\68d5fa5c4cc2d200863cafc0d521ce42e7d3e7ee720ec0a83991735586a16f82\windows-amd64;C:\Users\IBAD\.gradle\native\e376f236ea51e6404a007f0833ffe2c6e607c4080706a723a18a27aeea778392\windows-amd64;C:\Program Files\National Instruments\Shared\mDNS Responder

VM Arguments:
jvm_args: -XX:MaxMetaspaceSize=512m --add-opens=java.base/java.util=ALL-UNNAMED --add-opens=java.base/java.lang=ALL-UNNAMED --add-opens=java.base/java.lang.invoke=ALL-UNNAMED --add-opens=java.prefs/java.util.prefs=ALL-UNNAMED --add-opens=java.base/java.nio.charset=ALL-UNNAMED --add-opens=java.base/java.net=ALL-UNNAMED --add-opens=java.base/java.util.concurrent.atomic=ALL-UNNAMED -Xmx2048m -Dfile.encoding=windows-1252 -Duser.country=US -Duser.language=en -Duser.variant -javaagent:C:\Users\IBAD\.gradle\wrapper\dists\gradle-8.3-all\6en3ugtfdg5xnpx44z4qbwgas\gradle-8.3\lib\agents\gradle-instrumentation-agent-8.3.jar 
java_command: org.gradle.launcher.daemon.bootstrap.GradleDaemon 8.3
java_class_path (initial): C:\Users\IBAD\.gradle\wrapper\dists\gradle-8.3-all\6en3ugtfdg5xnpx44z4qbwgas\gradle-8.3\lib\gradle-launcher-8.3.jar
Launcher Type: SUN_STANDARD

[Global flags]
     intx CICompilerCount                          = 3                                         {product} {ergonomic}
   size_t CompressedClassSpaceSize                 = 436207616                                 {product} {ergonomic}
     uint ConcGCThreads                            = 1                                         {product} {ergonomic}
     uint G1ConcRefinementThreads                  = 4                                         {product} {ergonomic}
   size_t G1HeapRegionSize                         = 1048576                                   {product} {ergonomic}
    uintx GCDrainStackTargetSize                   = 64                                        {product} {ergonomic}
   size_t InitialHeapSize                          = 134217728                                 {product} {ergonomic}
   size_t MarkStackSize                            = 4194304                                   {product} {ergonomic}
   size_t MaxHeapSize                              = 2147483648                                {product} {command line}
   size_t MaxMetaspaceSize                         = 536870912                                 {product} {command line}
   size_t MaxNewSize                               = 1287651328                                {product} {ergonomic}
   size_t MinHeapDeltaBytes                        = 1048576                                   {product} {ergonomic}
   size_t MinHeapSize                              = 8388608                                   {product} {ergonomic}
    uintx NonNMethodCodeHeapSize                   = 5832780                                {pd product} {ergonomic}
    uintx NonProfiledCodeHeapSize                  = 122912730                              {pd product} {ergonomic}
    uintx ProfiledCodeHeapSize                     = 122912730                              {pd product} {ergonomic}
    uintx ReservedCodeCacheSize                    = 251658240                              {pd product} {ergonomic}
     bool SegmentedCodeCache                       = true                                      {product} {ergonomic}
   size_t SoftMaxHeapSize                          = 2147483648                             {manageable} {ergonomic}
     bool UseCompressedClassPointers               = true                           {product lp64_product} {ergonomic}
     bool UseCompressedOops                        = true                           {product lp64_product} {ergonomic}
     bool UseG1GC                                  = true                                      {product} {ergonomic}
     bool UseLargePagesIndividualAllocation        = false                                  {pd product} {ergonomic}

Logging:
Log output configuration:
 #0: stdout all=warning uptime,level,tags
 #1: stderr all=off uptime,level,tags

Environment Variables:
JAVA_HOME=C:\Program Files\Microsoft\jdk-17.0.8.7-hotspot\
CLASSPATH=C:\Users\IBAD\Desktop\native\Koffee\android\\gradle\wrapper\gradle-wrapper.jar
PATH=C:\Users\IBAD\Desktop\native\Koffee\node_modules\.bin;C:\Users\IBAD\Desktop\native\Koffee\node_modules\.bin;C:\Users\IBAD\Desktop\native\node_modules\.bin;C:\Users\IBAD\Desktop\node_modules\.bin;C:\Users\IBAD\node_modules\.bin;C:\Users\node_modules\.bin;C:\node_modules\.bin;C:\Program Files\nodejs\node_modules\npm\node_modules\@npmcli\run-script\lib\node-gyp-bin;C:\Users\IBAD\Desktop\native\Koffee\node_modules\.bin;C:\Users\IBAD\Desktop\native\Koffee\node_modules\.bin;C:\Users\IBAD\Desktop\native\node_modules\.bin;C:\Users\IBAD\Desktop\node_modules\.bin;C:\Users\IBAD\node_modules\.bin;C:\Users\node_modules\.bin;C:\node_modules\.bin;C:\Program Files\nodejs\node_modules\npm\node_modules\@npmcli\run-script\lib\node-gyp-bin;C:\Program Files\Microsoft\jdk-17.0.8.7-hotspot\bin;C:\Windows\system32;C:\Windows;C:\Windows\System32\Wbem;C:\Windows\System32\WindowsPowerShell\v1.0\;C:\Windows\System32\OpenSSH\;C:\Program Files\Cloudflare\Cloudflare WARP\;C:\Program Files\Git\cmd;C:\MinGW\bin;C:\ProgramData\chocolatey\bin;C:\Program Files\nodejs\;C:\Users\IBAD\AppData\Local\Android\Sdk\platform-tools;C:\Users\IBAD\AppData\Local\Programs\Python\Python312\Scripts\;C:\Users\IBAD\AppData\Local\Programs\Python\Python312\;C:\Users\IBAD\.console-ninja\.bin;C:\Users\IBAD\AppData\Local\Microsoft\WindowsApps;C:\SFML-2.6.1\bin;C:\MinGW\bin;C:\Users\IBAD\AppData\Local\Programs\Microsoft VS Code\bin;C:\Users\IBAD\AppData\Roaming\npm
USERNAME=IBAD
LANG=en_US.UTF-8
OS=Windows_NT
PROCESSOR_IDENTIFIER=Intel64 Family 6 Model 58 Stepping 9, GenuineIntel
TMP=C:\Users\IBAD\AppData\Local\Temp
TEMP=C:\Users\IBAD\AppData\Local\Temp



---------------  S Y S T E M  ---------------

OS:
 Windows 10 , 64 bit Build 19041 (10.0.19041.3636)
OS uptime: 0 days 0:02 hours

CPU: total 4 (initial active 4) (4 cores per cpu, 1 threads per core) family 6 model 58 stepping 9 microcode 0x21, cx8, cmov, fxsr, mmx, sse, sse2, sse3, ssse3, sse4.1, sse4.2, popcnt, tsc, tscinvbit, avx, aes, erms, clmul, vzeroupper, clflush
Processor Information for all 4 processors :
  Max Mhz: 3401, Current Mhz: 3401, Mhz Limit: 3401

Memory: 4k page, system-wide physical 8136M (3535M free)
TotalPageFile size 9736M (AvailPageFile size 5009M)
current process WorkingSet (physical memory assigned to process): 552M, peak: 558M
current process commit charge ("private bytes"): 592M, peak: 598M

vm_info: OpenJDK 64-Bit Server VM (17.0.8+7-LTS) for windows-amd64 JRE (17.0.8+7-LTS), built on Jul  7 2023 17:21:55 by "MicrosoftCorporation" with MS VC++ 16.10 / 16.11 (VS2019)

END.
